<?xml version="1.0" encoding="UTF-8"?>
<!-- Generated by org.testng.reporters.JUnitXMLReporter -->
<testsuite ignored="0" hostname="Kumuads" failures="0" tests="1" name="  Activity Created" time="0.255" errors="0" timestamp="2022-12-28T11:51:57 IST">
  <testcase classname="com.crm.base.TestBase" name="@AfterTest teardown" time="0.001">
    <failure type="java.lang.NullPointerException" message="Cannot invoke &amp;quot;org.openqa.selenium.WebDriver.quit()&amp;quot; because &amp;quot;com.crm.base.TestBase.driver&amp;quot; is null">
      <![CDATA[java.lang.NullPointerException: Cannot invoke "org.openqa.selenium.WebDriver.quit()" because "com.crm.base.TestBase.driver" is null
at com.crm.base.TestBase.teardown(TestBase.java:149)
... Removed 22 stack frames]]>
    </failure>
  </testcase> <!-- @AfterTest teardown -->
  <testcase classname="com.crm.testcases.TC08_ToverifyActivityCreatedIndependentlyTest" name="verifyActivityCreated" time="0.242">
    <skipped/>
  </testcase> <!-- verifyActivityCreated -->
</testsuite> <!--   Activity Created -->
