<?xml version="1.0" encoding="UTF-8"?>
<!-- Generated by org.testng.reporters.JUnitXMLReporter -->
<testsuite ignored="0" hostname="Kumuads" failures="0" tests="1" name="verify SR Edited by Assigned to user" time="0.807" errors="0" timestamp="2022-12-29T17:06:23 IST">
  <testcase classname="com.crm.testcases.TC31_TOverifySREditedByAssignedUserTest" name="verifySREditedByAssignedToUser" time="0.804">
    <skipped/>
  </testcase> <!-- verifySREditedByAssignedToUser -->
</testsuite> <!-- verify SR Edited by Assigned to user -->
