<?xml version="1.0" encoding="UTF-8"?>
<!-- Generated by org.testng.reporters.JUnitXMLReporter -->
<testsuite ignored="0" hostname="Kumuads" failures="0" tests="1" name="verify OfferCreation" time="0.102" errors="0" timestamp="2022-12-29T17:04:18 IST">
  <testcase classname="com.crm.base.TestBase" name="@AfterTest teardown" time="0.0">
    <failure type="java.lang.NullPointerException" message="Cannot invoke &amp;quot;org.openqa.selenium.WebDriver.quit()&amp;quot; because &amp;quot;com.crm.base.TestBase.driver&amp;quot; is null">
      <![CDATA[java.lang.NullPointerException: Cannot invoke "org.openqa.selenium.WebDriver.quit()" because "com.crm.base.TestBase.driver" is null
at com.crm.base.TestBase.teardown(TestBase.java:149)
... Removed 22 stack frames]]>
    </failure>
  </testcase> <!-- @AfterTest teardown -->
  <testcase classname="com.crm.testcases.TC25_ToverifyOfferCreationTest" name="verifyOfferCreation" time="0.095">
    <skipped/>
  </testcase> <!-- verifyOfferCreation -->
</testsuite> <!-- verify OfferCreation -->
