<?xml version="1.0" encoding="UTF-8"?>
<!-- Generated by org.testng.reporters.JUnitXMLReporter -->
<testsuite ignored="0" hostname="Kumuads" failures="0" tests="1" name="verify Import Functionality" time="0.617" errors="0" timestamp="2022-12-29T17:01:28 IST">
  <testcase classname="com.crm.testcases.TC34_ToVerifyImportFunctionalityTest" name="verifyImportFunctionality" time="0.611">
    <skipped/>
  </testcase> <!-- verifyImportFunctionality -->
</testsuite> <!-- verify Import Functionality -->
