<?xml version="1.0" encoding="UTF-8"?>
<!-- Generated by org.testng.reporters.JUnitXMLReporter -->
<testsuite ignored="0" hostname="Kumuads" failures="0" tests="1" name="verify Reports Added to quick links" time="0.527" errors="0" timestamp="2022-12-29T16:55:56 IST">
  <testcase classname="com.crm.testcases.TC44_ToVerifyReportsAddedToQuickLinksTest" name="verifyReportsAddedToQuicklinks" time="0.524">
    <skipped/>
  </testcase> <!-- verifyReportsAddedToQuicklinks -->
</testsuite> <!-- verify Reports Added to quick links -->
