<?xml version="1.0" encoding="UTF-8"?>
<!-- Generated by org.testng.reporters.JUnitXMLReporter -->
<testsuite ignored="0" hostname="Kumuads" failures="0" tests="1" name="verify Calendar Appointment" time="0.691" errors="0" timestamp="2022-12-29T17:01:29 IST">
  <testcase classname="com.crm.testcases.TC35_ToVerifyCalendarAppointmentCreationTest" name="VerifyCalendarAppointment" time="0.685">
    <skipped/>
  </testcase> <!-- VerifyCalendarAppointment -->
</testsuite> <!-- verify Calendar Appointment -->
