<?xml version="1.0" encoding="UTF-8"?>
<!-- Generated by org.testng.reporters.JUnitXMLReporter -->
<testsuite ignored="0" hostname="Kumuads" failures="0" tests="1" name="verify Execute Records Reports " time="0.552" errors="0" timestamp="2022-12-29T16:55:55 IST">
  <testcase classname="com.crm.testcases.TC43_ToVerifyExecuteRecordsReportTest" name="verifyExecuteRecordsReport" time="0.548">
    <skipped/>
  </testcase> <!-- verifyExecuteRecordsReport -->
</testsuite> <!-- verify Execute Records Reports  -->
