<?xml version="1.0" encoding="UTF-8"?>
<!-- Generated by org.testng.reporters.JUnitXMLReporter -->
<testsuite ignored="0" hostname="Kumuads" failures="0" tests="1" name="verify Reports Filters" time="0.532" errors="0" timestamp="2022-12-29T16:55:58 IST">
  <testcase classname="com.crm.testcases.TC48_ToVerfiyListOfFilterDisplayInReportsTest" name="verifyListOfFiltersReports" time="0.529">
    <skipped/>
  </testcase> <!-- verifyListOfFiltersReports -->
</testsuite> <!-- verify Reports Filters -->
