<?xml version="1.0" encoding="UTF-8"?>
<testng-results ignored="0" total="48" passed="1" failed="0" skipped="47">
  <reporter-output>
  </reporter-output>
  <suite started-at="2022-12-29T16:54:09 IST" name="Axis Sanity Framework" finished-at="2022-12-29T16:55:58 IST" duration-ms="108550">
    <groups>
    </groups>
    <test started-at="2022-12-29T16:54:09 IST" name="Account Creation " finished-at="2022-12-29T16:54:10 IST" duration-ms="859">
      <class name="com.crm.testcases.TC01_ToverifyAccountIsCreatedTest">
        <test-method signature="verifyAccountIsCreated(java.util.Hashtable)[pri:0, instance:com.crm.testcases.TC01_ToverifyAccountIsCreatedTest@6d025d1d]" started-at="2022-12-29T16:54:09 IST" name="verifyAccountIsCreated" data-provider="dp" finished-at="2022-12-29T16:54:10 IST" duration-ms="790" status="SKIP">
          <params>
            <param index="0">
              <value>
                <![CDATA[{LeadSource=Outbound Call, CustomerID=000006289, TC No=TC01, Mobile=9000000208, PAN=CJJPS4758Z, Email=test2074@gmail.com, CustomerType=NTB, UserName=axisadmin, Title=title, Password=acid_qa, ShortName=tests, RunMode=Yes, Territory=ALT004: Mumbai, Gender=Female, Role=Administrator, CustomerName=account7813}]]>
              </value>
            </param>
          </params>
          <exception class="org.testng.SkipException">
            <message>
              <![CDATA[Skipping the test VERIFY ACCOUNT IS CREATEDas the Run mode is NO]]>
            </message>
            <full-stacktrace>
              <![CDATA[org.testng.SkipException: Skipping the test VERIFY ACCOUNT IS CREATEDas the Run mode is NO
at com.crm.testcases.TC01_ToverifyAccountIsCreatedTest.verifyAccountIsCreated(TC01_ToverifyAccountIsCreatedTest.java:36)
at java.base/jdk.internal.reflect.DirectMethodHandleAccessor.invoke(DirectMethodHandleAccessor.java:104)
at java.base/java.lang.reflect.Method.invoke(Method.java:577)
at org.testng.internal.invokers.MethodInvocationHelper.invokeMethod(MethodInvocationHelper.java:135)
at org.testng.internal.invokers.TestInvoker.invokeMethod(TestInvoker.java:673)
at org.testng.internal.invokers.TestInvoker.invokeTestMethod(TestInvoker.java:220)
at org.testng.internal.invokers.MethodRunner.runInSequence(MethodRunner.java:50)
at org.testng.internal.invokers.TestInvoker$MethodInvocationAgent.invoke(TestInvoker.java:945)
at org.testng.internal.invokers.TestInvoker.invokeTestMethods(TestInvoker.java:193)
at org.testng.internal.invokers.TestMethodWorker.invokeTestMethods(TestMethodWorker.java:146)
at org.testng.internal.invokers.TestMethodWorker.run(TestMethodWorker.java:128)
at java.base/java.util.ArrayList.forEach(ArrayList.java:1511)
at org.testng.TestRunner.privateRun(TestRunner.java:808)
at org.testng.TestRunner.run(TestRunner.java:603)
at org.testng.SuiteRunner.runTest(SuiteRunner.java:429)
at org.testng.SuiteRunner.runSequentially(SuiteRunner.java:423)
at org.testng.SuiteRunner.privateRun(SuiteRunner.java:383)
at org.testng.SuiteRunner.run(SuiteRunner.java:326)
at org.testng.SuiteRunnerWorker.runSuite(SuiteRunnerWorker.java:52)
at org.testng.SuiteRunnerWorker.run(SuiteRunnerWorker.java:95)
at org.testng.TestNG.runSuitesSequentially(TestNG.java:1249)
at org.testng.TestNG.runSuitesLocally(TestNG.java:1169)
at org.testng.TestNG.runSuites(TestNG.java:1092)
at org.testng.TestNG.run(TestNG.java:1060)
at org.testng.remote.AbstractRemoteTestNG.run(AbstractRemoteTestNG.java:115)
at org.testng.remote.RemoteTestNG.initAndRun(RemoteTestNG.java:251)
at org.testng.remote.RemoteTestNG.main(RemoteTestNG.java:77)
]]>
            </full-stacktrace>
          </exception> <!-- org.testng.SkipException -->
          <reporter-output>
          </reporter-output>
        </test-method> <!-- verifyAccountIsCreated -->
        <test-method is-config="true" signature="teardown()[pri:0, instance:com.crm.testcases.TC01_ToverifyAccountIsCreatedTest@6d025d1d]" started-at="2022-12-29T16:54:10 IST" name="teardown" finished-at="2022-12-29T16:54:10 IST" duration-ms="3" status="FAIL">
          <exception class="java.lang.NullPointerException">
            <message>
              <![CDATA[Cannot invoke "org.openqa.selenium.WebDriver.quit()" because "com.crm.base.TestBase.driver" is null]]>
            </message>
            <full-stacktrace>
              <![CDATA[java.lang.NullPointerException: Cannot invoke "org.openqa.selenium.WebDriver.quit()" because "com.crm.base.TestBase.driver" is null
at com.crm.base.TestBase.teardown(TestBase.java:149)
at java.base/jdk.internal.reflect.DirectMethodHandleAccessor.invoke(DirectMethodHandleAccessor.java:104)
at java.base/java.lang.reflect.Method.invoke(Method.java:577)
at org.testng.internal.invokers.MethodInvocationHelper.invokeMethod(MethodInvocationHelper.java:135)
at org.testng.internal.invokers.MethodInvocationHelper.invokeMethodConsideringTimeout(MethodInvocationHelper.java:65)
at org.testng.internal.invokers.ConfigInvoker.invokeConfigurationMethod(ConfigInvoker.java:381)
at org.testng.internal.invokers.ConfigInvoker.invokeConfigurations(ConfigInvoker.java:319)
at org.testng.TestRunner.invokeTestConfigurations(TestRunner.java:645)
at org.testng.TestRunner.afterRun(TestRunner.java:893)
at org.testng.TestRunner.run(TestRunner.java:606)
at org.testng.SuiteRunner.runTest(SuiteRunner.java:429)
at org.testng.SuiteRunner.runSequentially(SuiteRunner.java:423)
at org.testng.SuiteRunner.privateRun(SuiteRunner.java:383)
at org.testng.SuiteRunner.run(SuiteRunner.java:326)
at org.testng.SuiteRunnerWorker.runSuite(SuiteRunnerWorker.java:52)
at org.testng.SuiteRunnerWorker.run(SuiteRunnerWorker.java:95)
at org.testng.TestNG.runSuitesSequentially(TestNG.java:1249)
at org.testng.TestNG.runSuitesLocally(TestNG.java:1169)
at org.testng.TestNG.runSuites(TestNG.java:1092)
at org.testng.TestNG.run(TestNG.java:1060)
at org.testng.remote.AbstractRemoteTestNG.run(AbstractRemoteTestNG.java:115)
at org.testng.remote.RemoteTestNG.initAndRun(RemoteTestNG.java:251)
at org.testng.remote.RemoteTestNG.main(RemoteTestNG.java:77)
]]>
            </full-stacktrace>
          </exception> <!-- java.lang.NullPointerException -->
          <reporter-output>
          </reporter-output>
        </test-method> <!-- teardown -->
      </class> <!-- com.crm.testcases.TC01_ToverifyAccountIsCreatedTest -->
    </test> <!-- Account Creation  -->
    <test started-at="2022-12-29T16:54:11 IST" name="Lead Creation On Account" finished-at="2022-12-29T16:54:13 IST" duration-ms="2409">
      <class name="com.crm.testcases.TC02_ToverifyLeadIsCreatedOnAccountTest">
        <test-method signature="verifyLeadIsCreatedOnAccount(java.util.Hashtable)[pri:0, instance:com.crm.testcases.TC02_ToverifyLeadIsCreatedOnAccountTest@602ae7b6]" started-at="2022-12-29T16:54:11 IST" name="verifyLeadIsCreatedOnAccount" data-provider="dp" finished-at="2022-12-29T16:54:13 IST" duration-ms="2394" status="SKIP">
          <params>
            <param index="0">
              <value>
                <![CDATA[{Description=testlead, LeadSource=Email, Subproduct=4-In-1, CustomerID=000006289, TC No=TC02, AlternateMobile=9876543211, UserName=axisadmin, Product=Axis Direct, Password=acid_qa, RunMode=Yes, Role=BRO, Branch=ALT004: Mumbai}]]>
              </value>
            </param>
          </params>
          <exception class="org.testng.SkipException">
            <message>
              <![CDATA[Skipping the test VERIFYLEADISCREATEDONACCOUNTas the Run mode is NO]]>
            </message>
            <full-stacktrace>
              <![CDATA[org.testng.SkipException: Skipping the test VERIFYLEADISCREATEDONACCOUNTas the Run mode is NO
at com.crm.testcases.TC02_ToverifyLeadIsCreatedOnAccountTest.verifyLeadIsCreatedOnAccount(TC02_ToverifyLeadIsCreatedOnAccountTest.java:40)
at java.base/jdk.internal.reflect.DirectMethodHandleAccessor.invoke(DirectMethodHandleAccessor.java:104)
at java.base/java.lang.reflect.Method.invoke(Method.java:577)
at org.testng.internal.invokers.MethodInvocationHelper.invokeMethod(MethodInvocationHelper.java:135)
at org.testng.internal.invokers.TestInvoker.invokeMethod(TestInvoker.java:673)
at org.testng.internal.invokers.TestInvoker.invokeTestMethod(TestInvoker.java:220)
at org.testng.internal.invokers.MethodRunner.runInSequence(MethodRunner.java:50)
at org.testng.internal.invokers.TestInvoker$MethodInvocationAgent.invoke(TestInvoker.java:945)
at org.testng.internal.invokers.TestInvoker.invokeTestMethods(TestInvoker.java:193)
at org.testng.internal.invokers.TestMethodWorker.invokeTestMethods(TestMethodWorker.java:146)
at org.testng.internal.invokers.TestMethodWorker.run(TestMethodWorker.java:128)
at java.base/java.util.ArrayList.forEach(ArrayList.java:1511)
at org.testng.TestRunner.privateRun(TestRunner.java:808)
at org.testng.TestRunner.run(TestRunner.java:603)
at org.testng.SuiteRunner.runTest(SuiteRunner.java:429)
at org.testng.SuiteRunner.runSequentially(SuiteRunner.java:423)
at org.testng.SuiteRunner.privateRun(SuiteRunner.java:383)
at org.testng.SuiteRunner.run(SuiteRunner.java:326)
at org.testng.SuiteRunnerWorker.runSuite(SuiteRunnerWorker.java:52)
at org.testng.SuiteRunnerWorker.run(SuiteRunnerWorker.java:95)
at org.testng.TestNG.runSuitesSequentially(TestNG.java:1249)
at org.testng.TestNG.runSuitesLocally(TestNG.java:1169)
at org.testng.TestNG.runSuites(TestNG.java:1092)
at org.testng.TestNG.run(TestNG.java:1060)
at org.testng.remote.AbstractRemoteTestNG.run(AbstractRemoteTestNG.java:115)
at org.testng.remote.RemoteTestNG.initAndRun(RemoteTestNG.java:251)
at org.testng.remote.RemoteTestNG.main(RemoteTestNG.java:77)
]]>
            </full-stacktrace>
          </exception> <!-- org.testng.SkipException -->
          <reporter-output>
          </reporter-output>
        </test-method> <!-- verifyLeadIsCreatedOnAccount -->
        <test-method is-config="true" signature="teardown()[pri:0, instance:com.crm.testcases.TC02_ToverifyLeadIsCreatedOnAccountTest@602ae7b6]" started-at="2022-12-29T16:54:13 IST" name="teardown" finished-at="2022-12-29T16:54:13 IST" duration-ms="0" status="FAIL">
          <exception class="java.lang.NullPointerException">
            <message>
              <![CDATA[Cannot invoke "org.openqa.selenium.WebDriver.quit()" because "com.crm.base.TestBase.driver" is null]]>
            </message>
            <full-stacktrace>
              <![CDATA[java.lang.NullPointerException: Cannot invoke "org.openqa.selenium.WebDriver.quit()" because "com.crm.base.TestBase.driver" is null
at com.crm.base.TestBase.teardown(TestBase.java:149)
at java.base/jdk.internal.reflect.DirectMethodHandleAccessor.invoke(DirectMethodHandleAccessor.java:104)
at java.base/java.lang.reflect.Method.invoke(Method.java:577)
at org.testng.internal.invokers.MethodInvocationHelper.invokeMethod(MethodInvocationHelper.java:135)
at org.testng.internal.invokers.MethodInvocationHelper.invokeMethodConsideringTimeout(MethodInvocationHelper.java:65)
at org.testng.internal.invokers.ConfigInvoker.invokeConfigurationMethod(ConfigInvoker.java:381)
at org.testng.internal.invokers.ConfigInvoker.invokeConfigurations(ConfigInvoker.java:319)
at org.testng.TestRunner.invokeTestConfigurations(TestRunner.java:645)
at org.testng.TestRunner.afterRun(TestRunner.java:893)
at org.testng.TestRunner.run(TestRunner.java:606)
at org.testng.SuiteRunner.runTest(SuiteRunner.java:429)
at org.testng.SuiteRunner.runSequentially(SuiteRunner.java:423)
at org.testng.SuiteRunner.privateRun(SuiteRunner.java:383)
at org.testng.SuiteRunner.run(SuiteRunner.java:326)
at org.testng.SuiteRunnerWorker.runSuite(SuiteRunnerWorker.java:52)
at org.testng.SuiteRunnerWorker.run(SuiteRunnerWorker.java:95)
at org.testng.TestNG.runSuitesSequentially(TestNG.java:1249)
at org.testng.TestNG.runSuitesLocally(TestNG.java:1169)
at org.testng.TestNG.runSuites(TestNG.java:1092)
at org.testng.TestNG.run(TestNG.java:1060)
at org.testng.remote.AbstractRemoteTestNG.run(AbstractRemoteTestNG.java:115)
at org.testng.remote.RemoteTestNG.initAndRun(RemoteTestNG.java:251)
at org.testng.remote.RemoteTestNG.main(RemoteTestNG.java:77)
]]>
            </full-stacktrace>
          </exception> <!-- java.lang.NullPointerException -->
          <reporter-output>
          </reporter-output>
        </test-method> <!-- teardown -->
      </class> <!-- com.crm.testcases.TC02_ToverifyLeadIsCreatedOnAccountTest -->
    </test> <!-- Lead Creation On Account -->
    <test started-at="2022-12-29T16:54:13 IST" name="Activity Creation On Account" finished-at="2022-12-29T16:54:14 IST" duration-ms="744">
      <class name="com.crm.testcases.TC03_ToverifyActivityCreatedOnAccountTest">
        <test-method signature="verifyActivityCreationOnAccount(java.util.Hashtable)[pri:0, instance:com.crm.testcases.TC03_ToverifyActivityCreatedOnAccountTest@2c8662ac]" started-at="2022-12-29T16:54:13 IST" name="verifyActivityCreationOnAccount" data-provider="dp" finished-at="2022-12-29T16:54:14 IST" duration-ms="736" status="SKIP">
          <params>
            <param index="0">
              <value>
                <![CDATA[{Subject=appointment2233, CustomerID=000006289, TC No=TC03, AppointmentStatus=Meeting Fixed, TypeofContact=Email, CustomerType=ETB, UserName=axisadmin, Password=acid_qa, RunMode=Yes, Details=appointmentcreation, Role=BRO, TypeOfCustomer=Priority}]]>
              </value>
            </param>
          </params>
          <exception class="org.testng.SkipException">
            <message>
              <![CDATA[Skipping the test VERIFYACTIVITYCREATIONONACCOUNTas the Run mode is NO]]>
            </message>
            <full-stacktrace>
              <![CDATA[org.testng.SkipException: Skipping the test VERIFYACTIVITYCREATIONONACCOUNTas the Run mode is NO
at com.crm.testcases.TC03_ToverifyActivityCreatedOnAccountTest.verifyActivityCreationOnAccount(TC03_ToverifyActivityCreatedOnAccountTest.java:42)
at java.base/jdk.internal.reflect.DirectMethodHandleAccessor.invoke(DirectMethodHandleAccessor.java:104)
at java.base/java.lang.reflect.Method.invoke(Method.java:577)
at org.testng.internal.invokers.MethodInvocationHelper.invokeMethod(MethodInvocationHelper.java:135)
at org.testng.internal.invokers.TestInvoker.invokeMethod(TestInvoker.java:673)
at org.testng.internal.invokers.TestInvoker.invokeTestMethod(TestInvoker.java:220)
at org.testng.internal.invokers.MethodRunner.runInSequence(MethodRunner.java:50)
at org.testng.internal.invokers.TestInvoker$MethodInvocationAgent.invoke(TestInvoker.java:945)
at org.testng.internal.invokers.TestInvoker.invokeTestMethods(TestInvoker.java:193)
at org.testng.internal.invokers.TestMethodWorker.invokeTestMethods(TestMethodWorker.java:146)
at org.testng.internal.invokers.TestMethodWorker.run(TestMethodWorker.java:128)
at java.base/java.util.ArrayList.forEach(ArrayList.java:1511)
at org.testng.TestRunner.privateRun(TestRunner.java:808)
at org.testng.TestRunner.run(TestRunner.java:603)
at org.testng.SuiteRunner.runTest(SuiteRunner.java:429)
at org.testng.SuiteRunner.runSequentially(SuiteRunner.java:423)
at org.testng.SuiteRunner.privateRun(SuiteRunner.java:383)
at org.testng.SuiteRunner.run(SuiteRunner.java:326)
at org.testng.SuiteRunnerWorker.runSuite(SuiteRunnerWorker.java:52)
at org.testng.SuiteRunnerWorker.run(SuiteRunnerWorker.java:95)
at org.testng.TestNG.runSuitesSequentially(TestNG.java:1249)
at org.testng.TestNG.runSuitesLocally(TestNG.java:1169)
at org.testng.TestNG.runSuites(TestNG.java:1092)
at org.testng.TestNG.run(TestNG.java:1060)
at org.testng.remote.AbstractRemoteTestNG.run(AbstractRemoteTestNG.java:115)
at org.testng.remote.RemoteTestNG.initAndRun(RemoteTestNG.java:251)
at org.testng.remote.RemoteTestNG.main(RemoteTestNG.java:77)
]]>
            </full-stacktrace>
          </exception> <!-- org.testng.SkipException -->
          <reporter-output>
          </reporter-output>
        </test-method> <!-- verifyActivityCreationOnAccount -->
        <test-method is-config="true" signature="teardown()[pri:0, instance:com.crm.testcases.TC03_ToverifyActivityCreatedOnAccountTest@2c8662ac]" started-at="2022-12-29T16:54:14 IST" name="teardown" finished-at="2022-12-29T16:54:14 IST" duration-ms="0" status="FAIL">
          <exception class="java.lang.NullPointerException">
            <message>
              <![CDATA[Cannot invoke "org.openqa.selenium.WebDriver.quit()" because "com.crm.base.TestBase.driver" is null]]>
            </message>
            <full-stacktrace>
              <![CDATA[java.lang.NullPointerException: Cannot invoke "org.openqa.selenium.WebDriver.quit()" because "com.crm.base.TestBase.driver" is null
at com.crm.base.TestBase.teardown(TestBase.java:149)
at java.base/jdk.internal.reflect.DirectMethodHandleAccessor.invoke(DirectMethodHandleAccessor.java:104)
at java.base/java.lang.reflect.Method.invoke(Method.java:577)
at org.testng.internal.invokers.MethodInvocationHelper.invokeMethod(MethodInvocationHelper.java:135)
at org.testng.internal.invokers.MethodInvocationHelper.invokeMethodConsideringTimeout(MethodInvocationHelper.java:65)
at org.testng.internal.invokers.ConfigInvoker.invokeConfigurationMethod(ConfigInvoker.java:381)
at org.testng.internal.invokers.ConfigInvoker.invokeConfigurations(ConfigInvoker.java:319)
at org.testng.TestRunner.invokeTestConfigurations(TestRunner.java:645)
at org.testng.TestRunner.afterRun(TestRunner.java:893)
at org.testng.TestRunner.run(TestRunner.java:606)
at org.testng.SuiteRunner.runTest(SuiteRunner.java:429)
at org.testng.SuiteRunner.runSequentially(SuiteRunner.java:423)
at org.testng.SuiteRunner.privateRun(SuiteRunner.java:383)
at org.testng.SuiteRunner.run(SuiteRunner.java:326)
at org.testng.SuiteRunnerWorker.runSuite(SuiteRunnerWorker.java:52)
at org.testng.SuiteRunnerWorker.run(SuiteRunnerWorker.java:95)
at org.testng.TestNG.runSuitesSequentially(TestNG.java:1249)
at org.testng.TestNG.runSuitesLocally(TestNG.java:1169)
at org.testng.TestNG.runSuites(TestNG.java:1092)
at org.testng.TestNG.run(TestNG.java:1060)
at org.testng.remote.AbstractRemoteTestNG.run(AbstractRemoteTestNG.java:115)
at org.testng.remote.RemoteTestNG.initAndRun(RemoteTestNG.java:251)
at org.testng.remote.RemoteTestNG.main(RemoteTestNG.java:77)
]]>
            </full-stacktrace>
          </exception> <!-- java.lang.NullPointerException -->
          <reporter-output>
          </reporter-output>
        </test-method> <!-- teardown -->
      </class> <!-- com.crm.testcases.TC03_ToverifyActivityCreatedOnAccountTest -->
    </test> <!-- Activity Creation On Account -->
    <test started-at="2022-12-29T16:54:14 IST" name="New Offer Creation On Account" finished-at="2022-12-29T16:54:15 IST" duration-ms="680">
      <class name="com.crm.testcases.TC04_ToverifyNewOfferCreatedOnAccountTest">
        <test-method signature="verifyNewOfferCreatedOnAccount(java.util.Hashtable)[pri:0, instance:com.crm.testcases.TC04_ToverifyNewOfferCreatedOnAccountTest@ef1695a]" started-at="2022-12-29T16:54:14 IST" name="verifyNewOfferCreatedOnAccount" data-provider="dp" finished-at="2022-12-29T16:54:15 IST" duration-ms="671" status="SKIP">
          <params>
            <param index="0">
              <value>
                <![CDATA[{Description=testoffer, CustomerID=000006289, TC No=TC04, UserName=axisadmin, Password=acid_qa, HotRating=Normal, RunMode=Yes, Role=BRO, SubProduct=03.Priority}]]>
              </value>
            </param>
          </params>
          <exception class="org.testng.SkipException">
            <message>
              <![CDATA[Skipping the test VERIFYNEWOFFERCREATEDONACCOUNTas the Run mode is NO]]>
            </message>
            <full-stacktrace>
              <![CDATA[org.testng.SkipException: Skipping the test VERIFYNEWOFFERCREATEDONACCOUNTas the Run mode is NO
at com.crm.testcases.TC04_ToverifyNewOfferCreatedOnAccountTest.verifyNewOfferCreatedOnAccount(TC04_ToverifyNewOfferCreatedOnAccountTest.java:40)
at java.base/jdk.internal.reflect.DirectMethodHandleAccessor.invoke(DirectMethodHandleAccessor.java:104)
at java.base/java.lang.reflect.Method.invoke(Method.java:577)
at org.testng.internal.invokers.MethodInvocationHelper.invokeMethod(MethodInvocationHelper.java:135)
at org.testng.internal.invokers.TestInvoker.invokeMethod(TestInvoker.java:673)
at org.testng.internal.invokers.TestInvoker.invokeTestMethod(TestInvoker.java:220)
at org.testng.internal.invokers.MethodRunner.runInSequence(MethodRunner.java:50)
at org.testng.internal.invokers.TestInvoker$MethodInvocationAgent.invoke(TestInvoker.java:945)
at org.testng.internal.invokers.TestInvoker.invokeTestMethods(TestInvoker.java:193)
at org.testng.internal.invokers.TestMethodWorker.invokeTestMethods(TestMethodWorker.java:146)
at org.testng.internal.invokers.TestMethodWorker.run(TestMethodWorker.java:128)
at java.base/java.util.ArrayList.forEach(ArrayList.java:1511)
at org.testng.TestRunner.privateRun(TestRunner.java:808)
at org.testng.TestRunner.run(TestRunner.java:603)
at org.testng.SuiteRunner.runTest(SuiteRunner.java:429)
at org.testng.SuiteRunner.runSequentially(SuiteRunner.java:423)
at org.testng.SuiteRunner.privateRun(SuiteRunner.java:383)
at org.testng.SuiteRunner.run(SuiteRunner.java:326)
at org.testng.SuiteRunnerWorker.runSuite(SuiteRunnerWorker.java:52)
at org.testng.SuiteRunnerWorker.run(SuiteRunnerWorker.java:95)
at org.testng.TestNG.runSuitesSequentially(TestNG.java:1249)
at org.testng.TestNG.runSuitesLocally(TestNG.java:1169)
at org.testng.TestNG.runSuites(TestNG.java:1092)
at org.testng.TestNG.run(TestNG.java:1060)
at org.testng.remote.AbstractRemoteTestNG.run(AbstractRemoteTestNG.java:115)
at org.testng.remote.RemoteTestNG.initAndRun(RemoteTestNG.java:251)
at org.testng.remote.RemoteTestNG.main(RemoteTestNG.java:77)
]]>
            </full-stacktrace>
          </exception> <!-- org.testng.SkipException -->
          <reporter-output>
          </reporter-output>
        </test-method> <!-- verifyNewOfferCreatedOnAccount -->
        <test-method is-config="true" signature="teardown()[pri:0, instance:com.crm.testcases.TC04_ToverifyNewOfferCreatedOnAccountTest@ef1695a]" started-at="2022-12-29T16:54:15 IST" name="teardown" finished-at="2022-12-29T16:54:15 IST" duration-ms="0" status="FAIL">
          <exception class="java.lang.NullPointerException">
            <message>
              <![CDATA[Cannot invoke "org.openqa.selenium.WebDriver.quit()" because "com.crm.base.TestBase.driver" is null]]>
            </message>
            <full-stacktrace>
              <![CDATA[java.lang.NullPointerException: Cannot invoke "org.openqa.selenium.WebDriver.quit()" because "com.crm.base.TestBase.driver" is null
at com.crm.base.TestBase.teardown(TestBase.java:149)
at java.base/jdk.internal.reflect.DirectMethodHandleAccessor.invoke(DirectMethodHandleAccessor.java:104)
at java.base/java.lang.reflect.Method.invoke(Method.java:577)
at org.testng.internal.invokers.MethodInvocationHelper.invokeMethod(MethodInvocationHelper.java:135)
at org.testng.internal.invokers.MethodInvocationHelper.invokeMethodConsideringTimeout(MethodInvocationHelper.java:65)
at org.testng.internal.invokers.ConfigInvoker.invokeConfigurationMethod(ConfigInvoker.java:381)
at org.testng.internal.invokers.ConfigInvoker.invokeConfigurations(ConfigInvoker.java:319)
at org.testng.TestRunner.invokeTestConfigurations(TestRunner.java:645)
at org.testng.TestRunner.afterRun(TestRunner.java:893)
at org.testng.TestRunner.run(TestRunner.java:606)
at org.testng.SuiteRunner.runTest(SuiteRunner.java:429)
at org.testng.SuiteRunner.runSequentially(SuiteRunner.java:423)
at org.testng.SuiteRunner.privateRun(SuiteRunner.java:383)
at org.testng.SuiteRunner.run(SuiteRunner.java:326)
at org.testng.SuiteRunnerWorker.runSuite(SuiteRunnerWorker.java:52)
at org.testng.SuiteRunnerWorker.run(SuiteRunnerWorker.java:95)
at org.testng.TestNG.runSuitesSequentially(TestNG.java:1249)
at org.testng.TestNG.runSuitesLocally(TestNG.java:1169)
at org.testng.TestNG.runSuites(TestNG.java:1092)
at org.testng.TestNG.run(TestNG.java:1060)
at org.testng.remote.AbstractRemoteTestNG.run(AbstractRemoteTestNG.java:115)
at org.testng.remote.RemoteTestNG.initAndRun(RemoteTestNG.java:251)
at org.testng.remote.RemoteTestNG.main(RemoteTestNG.java:77)
]]>
            </full-stacktrace>
          </exception> <!-- java.lang.NullPointerException -->
          <reporter-output>
          </reporter-output>
        </test-method> <!-- teardown -->
      </class> <!-- com.crm.testcases.TC04_ToverifyNewOfferCreatedOnAccountTest -->
    </test> <!-- New Offer Creation On Account -->
    <test started-at="2022-12-29T16:54:15 IST" name="Verify Tabs Visible On Account" finished-at="2022-12-29T16:54:15 IST" duration-ms="788">
      <class name="com.crm.testcases.TC05_ToverifyTabsVisibleOnAccountTest">
        <test-method signature="verifyTabsVisibleOnAccount(java.util.Hashtable)[pri:0, instance:com.crm.testcases.TC05_ToverifyTabsVisibleOnAccountTest@27b45ea]" started-at="2022-12-29T16:54:15 IST" name="verifyTabsVisibleOnAccount" data-provider="dp" finished-at="2022-12-29T16:54:15 IST" duration-ms="778" status="SKIP">
          <params>
            <param index="0">
              <value>
                <![CDATA[{RunMode=Yes, Password=acid_qa, Role=BRO, UserName=axisadmin, TC No=TC05}]]>
              </value>
            </param>
          </params>
          <exception class="org.testng.SkipException">
            <message>
              <![CDATA[Skipping the test VERIFYTABSVISIBLEONACCOUNTas the Run mode is NO]]>
            </message>
            <full-stacktrace>
              <![CDATA[org.testng.SkipException: Skipping the test VERIFYTABSVISIBLEONACCOUNTas the Run mode is NO
at com.crm.testcases.TC05_ToverifyTabsVisibleOnAccountTest.verifyTabsVisibleOnAccount(TC05_ToverifyTabsVisibleOnAccountTest.java:38)
at java.base/jdk.internal.reflect.DirectMethodHandleAccessor.invoke(DirectMethodHandleAccessor.java:104)
at java.base/java.lang.reflect.Method.invoke(Method.java:577)
at org.testng.internal.invokers.MethodInvocationHelper.invokeMethod(MethodInvocationHelper.java:135)
at org.testng.internal.invokers.TestInvoker.invokeMethod(TestInvoker.java:673)
at org.testng.internal.invokers.TestInvoker.invokeTestMethod(TestInvoker.java:220)
at org.testng.internal.invokers.MethodRunner.runInSequence(MethodRunner.java:50)
at org.testng.internal.invokers.TestInvoker$MethodInvocationAgent.invoke(TestInvoker.java:945)
at org.testng.internal.invokers.TestInvoker.invokeTestMethods(TestInvoker.java:193)
at org.testng.internal.invokers.TestMethodWorker.invokeTestMethods(TestMethodWorker.java:146)
at org.testng.internal.invokers.TestMethodWorker.run(TestMethodWorker.java:128)
at java.base/java.util.ArrayList.forEach(ArrayList.java:1511)
at org.testng.TestRunner.privateRun(TestRunner.java:808)
at org.testng.TestRunner.run(TestRunner.java:603)
at org.testng.SuiteRunner.runTest(SuiteRunner.java:429)
at org.testng.SuiteRunner.runSequentially(SuiteRunner.java:423)
at org.testng.SuiteRunner.privateRun(SuiteRunner.java:383)
at org.testng.SuiteRunner.run(SuiteRunner.java:326)
at org.testng.SuiteRunnerWorker.runSuite(SuiteRunnerWorker.java:52)
at org.testng.SuiteRunnerWorker.run(SuiteRunnerWorker.java:95)
at org.testng.TestNG.runSuitesSequentially(TestNG.java:1249)
at org.testng.TestNG.runSuitesLocally(TestNG.java:1169)
at org.testng.TestNG.runSuites(TestNG.java:1092)
at org.testng.TestNG.run(TestNG.java:1060)
at org.testng.remote.AbstractRemoteTestNG.run(AbstractRemoteTestNG.java:115)
at org.testng.remote.RemoteTestNG.initAndRun(RemoteTestNG.java:251)
at org.testng.remote.RemoteTestNG.main(RemoteTestNG.java:77)
]]>
            </full-stacktrace>
          </exception> <!-- org.testng.SkipException -->
          <reporter-output>
          </reporter-output>
        </test-method> <!-- verifyTabsVisibleOnAccount -->
        <test-method is-config="true" signature="teardown()[pri:0, instance:com.crm.testcases.TC05_ToverifyTabsVisibleOnAccountTest@27b45ea]" started-at="2022-12-29T16:54:15 IST" name="teardown" finished-at="2022-12-29T16:54:15 IST" duration-ms="1" status="FAIL">
          <exception class="java.lang.NullPointerException">
            <message>
              <![CDATA[Cannot invoke "org.openqa.selenium.WebDriver.quit()" because "com.crm.base.TestBase.driver" is null]]>
            </message>
            <full-stacktrace>
              <![CDATA[java.lang.NullPointerException: Cannot invoke "org.openqa.selenium.WebDriver.quit()" because "com.crm.base.TestBase.driver" is null
at com.crm.base.TestBase.teardown(TestBase.java:149)
at java.base/jdk.internal.reflect.DirectMethodHandleAccessor.invoke(DirectMethodHandleAccessor.java:104)
at java.base/java.lang.reflect.Method.invoke(Method.java:577)
at org.testng.internal.invokers.MethodInvocationHelper.invokeMethod(MethodInvocationHelper.java:135)
at org.testng.internal.invokers.MethodInvocationHelper.invokeMethodConsideringTimeout(MethodInvocationHelper.java:65)
at org.testng.internal.invokers.ConfigInvoker.invokeConfigurationMethod(ConfigInvoker.java:381)
at org.testng.internal.invokers.ConfigInvoker.invokeConfigurations(ConfigInvoker.java:319)
at org.testng.TestRunner.invokeTestConfigurations(TestRunner.java:645)
at org.testng.TestRunner.afterRun(TestRunner.java:893)
at org.testng.TestRunner.run(TestRunner.java:606)
at org.testng.SuiteRunner.runTest(SuiteRunner.java:429)
at org.testng.SuiteRunner.runSequentially(SuiteRunner.java:423)
at org.testng.SuiteRunner.privateRun(SuiteRunner.java:383)
at org.testng.SuiteRunner.run(SuiteRunner.java:326)
at org.testng.SuiteRunnerWorker.runSuite(SuiteRunnerWorker.java:52)
at org.testng.SuiteRunnerWorker.run(SuiteRunnerWorker.java:95)
at org.testng.TestNG.runSuitesSequentially(TestNG.java:1249)
at org.testng.TestNG.runSuitesLocally(TestNG.java:1169)
at org.testng.TestNG.runSuites(TestNG.java:1092)
at org.testng.TestNG.run(TestNG.java:1060)
at org.testng.remote.AbstractRemoteTestNG.run(AbstractRemoteTestNG.java:115)
at org.testng.remote.RemoteTestNG.initAndRun(RemoteTestNG.java:251)
at org.testng.remote.RemoteTestNG.main(RemoteTestNG.java:77)
]]>
            </full-stacktrace>
          </exception> <!-- java.lang.NullPointerException -->
          <reporter-output>
          </reporter-output>
        </test-method> <!-- teardown -->
      </class> <!-- com.crm.testcases.TC05_ToverifyTabsVisibleOnAccountTest -->
    </test> <!-- Verify Tabs Visible On Account -->
    <test started-at="2022-12-29T16:54:15 IST" name="Customer Search" finished-at="2022-12-29T16:54:16 IST" duration-ms="819">
      <class name="com.crm.testcases.TC06_CustomerSearchTest">
        <test-method signature="verifyCustomerSearch(java.util.Hashtable)[pri:0, instance:com.crm.testcases.TC06_CustomerSearchTest@6778aea6]" started-at="2022-12-29T16:54:15 IST" name="verifyCustomerSearch" data-provider="dp" finished-at="2022-12-29T16:54:16 IST" duration-ms="808" status="SKIP">
          <params>
            <param index="0">
              <value>
                <![CDATA[{CustomerID=000006289, TC No=TC06, Mobile=9000000208, PAN=CJJPS4758Z, Email=test2074@gmail.com, UserName=axisadmin, Password=acid_qa, RunMode=Yes, Role=BRO, CustomerName=account7813}]]>
              </value>
            </param>
          </params>
          <exception class="org.testng.SkipException">
            <message>
              <![CDATA[Skipping the test VERIFYCUSTOMERSEARCHas the Run mode is NO]]>
            </message>
            <full-stacktrace>
              <![CDATA[org.testng.SkipException: Skipping the test VERIFYCUSTOMERSEARCHas the Run mode is NO
at com.crm.testcases.TC06_CustomerSearchTest.verifyCustomerSearch(TC06_CustomerSearchTest.java:43)
at java.base/jdk.internal.reflect.DirectMethodHandleAccessor.invoke(DirectMethodHandleAccessor.java:104)
at java.base/java.lang.reflect.Method.invoke(Method.java:577)
at org.testng.internal.invokers.MethodInvocationHelper.invokeMethod(MethodInvocationHelper.java:135)
at org.testng.internal.invokers.TestInvoker.invokeMethod(TestInvoker.java:673)
at org.testng.internal.invokers.TestInvoker.invokeTestMethod(TestInvoker.java:220)
at org.testng.internal.invokers.MethodRunner.runInSequence(MethodRunner.java:50)
at org.testng.internal.invokers.TestInvoker$MethodInvocationAgent.invoke(TestInvoker.java:945)
at org.testng.internal.invokers.TestInvoker.invokeTestMethods(TestInvoker.java:193)
at org.testng.internal.invokers.TestMethodWorker.invokeTestMethods(TestMethodWorker.java:146)
at org.testng.internal.invokers.TestMethodWorker.run(TestMethodWorker.java:128)
at java.base/java.util.ArrayList.forEach(ArrayList.java:1511)
at org.testng.TestRunner.privateRun(TestRunner.java:808)
at org.testng.TestRunner.run(TestRunner.java:603)
at org.testng.SuiteRunner.runTest(SuiteRunner.java:429)
at org.testng.SuiteRunner.runSequentially(SuiteRunner.java:423)
at org.testng.SuiteRunner.privateRun(SuiteRunner.java:383)
at org.testng.SuiteRunner.run(SuiteRunner.java:326)
at org.testng.SuiteRunnerWorker.runSuite(SuiteRunnerWorker.java:52)
at org.testng.SuiteRunnerWorker.run(SuiteRunnerWorker.java:95)
at org.testng.TestNG.runSuitesSequentially(TestNG.java:1249)
at org.testng.TestNG.runSuitesLocally(TestNG.java:1169)
at org.testng.TestNG.runSuites(TestNG.java:1092)
at org.testng.TestNG.run(TestNG.java:1060)
at org.testng.remote.AbstractRemoteTestNG.run(AbstractRemoteTestNG.java:115)
at org.testng.remote.RemoteTestNG.initAndRun(RemoteTestNG.java:251)
at org.testng.remote.RemoteTestNG.main(RemoteTestNG.java:77)
]]>
            </full-stacktrace>
          </exception> <!-- org.testng.SkipException -->
          <reporter-output>
          </reporter-output>
        </test-method> <!-- verifyCustomerSearch -->
        <test-method is-config="true" signature="teardown()[pri:0, instance:com.crm.testcases.TC06_CustomerSearchTest@6778aea6]" started-at="2022-12-29T16:54:16 IST" name="teardown" finished-at="2022-12-29T16:54:16 IST" duration-ms="0" status="FAIL">
          <exception class="java.lang.NullPointerException">
            <message>
              <![CDATA[Cannot invoke "org.openqa.selenium.WebDriver.quit()" because "com.crm.base.TestBase.driver" is null]]>
            </message>
            <full-stacktrace>
              <![CDATA[java.lang.NullPointerException: Cannot invoke "org.openqa.selenium.WebDriver.quit()" because "com.crm.base.TestBase.driver" is null
at com.crm.base.TestBase.teardown(TestBase.java:149)
at java.base/jdk.internal.reflect.DirectMethodHandleAccessor.invoke(DirectMethodHandleAccessor.java:104)
at java.base/java.lang.reflect.Method.invoke(Method.java:577)
at org.testng.internal.invokers.MethodInvocationHelper.invokeMethod(MethodInvocationHelper.java:135)
at org.testng.internal.invokers.MethodInvocationHelper.invokeMethodConsideringTimeout(MethodInvocationHelper.java:65)
at org.testng.internal.invokers.ConfigInvoker.invokeConfigurationMethod(ConfigInvoker.java:381)
at org.testng.internal.invokers.ConfigInvoker.invokeConfigurations(ConfigInvoker.java:319)
at org.testng.TestRunner.invokeTestConfigurations(TestRunner.java:645)
at org.testng.TestRunner.afterRun(TestRunner.java:893)
at org.testng.TestRunner.run(TestRunner.java:606)
at org.testng.SuiteRunner.runTest(SuiteRunner.java:429)
at org.testng.SuiteRunner.runSequentially(SuiteRunner.java:423)
at org.testng.SuiteRunner.privateRun(SuiteRunner.java:383)
at org.testng.SuiteRunner.run(SuiteRunner.java:326)
at org.testng.SuiteRunnerWorker.runSuite(SuiteRunnerWorker.java:52)
at org.testng.SuiteRunnerWorker.run(SuiteRunnerWorker.java:95)
at org.testng.TestNG.runSuitesSequentially(TestNG.java:1249)
at org.testng.TestNG.runSuitesLocally(TestNG.java:1169)
at org.testng.TestNG.runSuites(TestNG.java:1092)
at org.testng.TestNG.run(TestNG.java:1060)
at org.testng.remote.AbstractRemoteTestNG.run(AbstractRemoteTestNG.java:115)
at org.testng.remote.RemoteTestNG.initAndRun(RemoteTestNG.java:251)
at org.testng.remote.RemoteTestNG.main(RemoteTestNG.java:77)
]]>
            </full-stacktrace>
          </exception> <!-- java.lang.NullPointerException -->
          <reporter-output>
          </reporter-output>
        </test-method> <!-- teardown -->
      </class> <!-- com.crm.testcases.TC06_CustomerSearchTest -->
    </test> <!-- Customer Search -->
    <test started-at="2022-12-29T16:54:16 IST" name="Appointment Creation Page open" finished-at="2022-12-29T16:54:17 IST" duration-ms="916">
      <class name="com.crm.testcases.TC07_ToverifyAppointmentCreationPageOpenTest">
        <test-method signature="verifyAppointmentPageOpen(java.util.Hashtable)[pri:0, instance:com.crm.testcases.TC07_ToverifyAppointmentCreationPageOpenTest@332820f4]" started-at="2022-12-29T16:54:16 IST" name="verifyAppointmentPageOpen" data-provider="dp" finished-at="2022-12-29T16:54:17 IST" duration-ms="908" status="SKIP">
          <params>
            <param index="0">
              <value>
                <![CDATA[{RunMode=Yes, Password=acid_qa, Role=BRO, UserName=axisadmin, TC No=TC07}]]>
              </value>
            </param>
          </params>
          <exception class="org.testng.SkipException">
            <message>
              <![CDATA[Skipping the test VERIFYAPPOINTMENTPAGEOPENas the Run mode is NO]]>
            </message>
            <full-stacktrace>
              <![CDATA[org.testng.SkipException: Skipping the test VERIFYAPPOINTMENTPAGEOPENas the Run mode is NO
at com.crm.testcases.TC07_ToverifyAppointmentCreationPageOpenTest.verifyAppointmentPageOpen(TC07_ToverifyAppointmentCreationPageOpenTest.java:34)
at java.base/jdk.internal.reflect.DirectMethodHandleAccessor.invoke(DirectMethodHandleAccessor.java:104)
at java.base/java.lang.reflect.Method.invoke(Method.java:577)
at org.testng.internal.invokers.MethodInvocationHelper.invokeMethod(MethodInvocationHelper.java:135)
at org.testng.internal.invokers.TestInvoker.invokeMethod(TestInvoker.java:673)
at org.testng.internal.invokers.TestInvoker.invokeTestMethod(TestInvoker.java:220)
at org.testng.internal.invokers.MethodRunner.runInSequence(MethodRunner.java:50)
at org.testng.internal.invokers.TestInvoker$MethodInvocationAgent.invoke(TestInvoker.java:945)
at org.testng.internal.invokers.TestInvoker.invokeTestMethods(TestInvoker.java:193)
at org.testng.internal.invokers.TestMethodWorker.invokeTestMethods(TestMethodWorker.java:146)
at org.testng.internal.invokers.TestMethodWorker.run(TestMethodWorker.java:128)
at java.base/java.util.ArrayList.forEach(ArrayList.java:1511)
at org.testng.TestRunner.privateRun(TestRunner.java:808)
at org.testng.TestRunner.run(TestRunner.java:603)
at org.testng.SuiteRunner.runTest(SuiteRunner.java:429)
at org.testng.SuiteRunner.runSequentially(SuiteRunner.java:423)
at org.testng.SuiteRunner.privateRun(SuiteRunner.java:383)
at org.testng.SuiteRunner.run(SuiteRunner.java:326)
at org.testng.SuiteRunnerWorker.runSuite(SuiteRunnerWorker.java:52)
at org.testng.SuiteRunnerWorker.run(SuiteRunnerWorker.java:95)
at org.testng.TestNG.runSuitesSequentially(TestNG.java:1249)
at org.testng.TestNG.runSuitesLocally(TestNG.java:1169)
at org.testng.TestNG.runSuites(TestNG.java:1092)
at org.testng.TestNG.run(TestNG.java:1060)
at org.testng.remote.AbstractRemoteTestNG.run(AbstractRemoteTestNG.java:115)
at org.testng.remote.RemoteTestNG.initAndRun(RemoteTestNG.java:251)
at org.testng.remote.RemoteTestNG.main(RemoteTestNG.java:77)
]]>
            </full-stacktrace>
          </exception> <!-- org.testng.SkipException -->
          <reporter-output>
          </reporter-output>
        </test-method> <!-- verifyAppointmentPageOpen -->
        <test-method is-config="true" signature="teardown()[pri:0, instance:com.crm.testcases.TC07_ToverifyAppointmentCreationPageOpenTest@332820f4]" started-at="2022-12-29T16:54:17 IST" name="teardown" finished-at="2022-12-29T16:54:17 IST" duration-ms="0" status="FAIL">
          <exception class="java.lang.NullPointerException">
            <message>
              <![CDATA[Cannot invoke "org.openqa.selenium.WebDriver.quit()" because "com.crm.base.TestBase.driver" is null]]>
            </message>
            <full-stacktrace>
              <![CDATA[java.lang.NullPointerException: Cannot invoke "org.openqa.selenium.WebDriver.quit()" because "com.crm.base.TestBase.driver" is null
at com.crm.base.TestBase.teardown(TestBase.java:149)
at java.base/jdk.internal.reflect.DirectMethodHandleAccessor.invoke(DirectMethodHandleAccessor.java:104)
at java.base/java.lang.reflect.Method.invoke(Method.java:577)
at org.testng.internal.invokers.MethodInvocationHelper.invokeMethod(MethodInvocationHelper.java:135)
at org.testng.internal.invokers.MethodInvocationHelper.invokeMethodConsideringTimeout(MethodInvocationHelper.java:65)
at org.testng.internal.invokers.ConfigInvoker.invokeConfigurationMethod(ConfigInvoker.java:381)
at org.testng.internal.invokers.ConfigInvoker.invokeConfigurations(ConfigInvoker.java:319)
at org.testng.TestRunner.invokeTestConfigurations(TestRunner.java:645)
at org.testng.TestRunner.afterRun(TestRunner.java:893)
at org.testng.TestRunner.run(TestRunner.java:606)
at org.testng.SuiteRunner.runTest(SuiteRunner.java:429)
at org.testng.SuiteRunner.runSequentially(SuiteRunner.java:423)
at org.testng.SuiteRunner.privateRun(SuiteRunner.java:383)
at org.testng.SuiteRunner.run(SuiteRunner.java:326)
at org.testng.SuiteRunnerWorker.runSuite(SuiteRunnerWorker.java:52)
at org.testng.SuiteRunnerWorker.run(SuiteRunnerWorker.java:95)
at org.testng.TestNG.runSuitesSequentially(TestNG.java:1249)
at org.testng.TestNG.runSuitesLocally(TestNG.java:1169)
at org.testng.TestNG.runSuites(TestNG.java:1092)
at org.testng.TestNG.run(TestNG.java:1060)
at org.testng.remote.AbstractRemoteTestNG.run(AbstractRemoteTestNG.java:115)
at org.testng.remote.RemoteTestNG.initAndRun(RemoteTestNG.java:251)
at org.testng.remote.RemoteTestNG.main(RemoteTestNG.java:77)
]]>
            </full-stacktrace>
          </exception> <!-- java.lang.NullPointerException -->
          <reporter-output>
          </reporter-output>
        </test-method> <!-- teardown -->
      </class> <!-- com.crm.testcases.TC07_ToverifyAppointmentCreationPageOpenTest -->
    </test> <!-- Appointment Creation Page open -->
    <test started-at="2022-12-29T16:54:17 IST" name="Activity Created" finished-at="2022-12-29T16:54:18 IST" duration-ms="837">
      <class name="com.crm.testcases.TC08_ToverifyActivityCreatedIndependentlyTest">
        <test-method signature="verifyActivityCreated(java.util.Hashtable)[pri:0, instance:com.crm.testcases.TC08_ToverifyActivityCreatedIndependentlyTest@84487f4]" started-at="2022-12-29T16:54:17 IST" name="verifyActivityCreated" data-provider="dp" finished-at="2022-12-29T16:54:18 IST" duration-ms="828" status="SKIP">
          <params>
            <param index="0">
              <value>
                <![CDATA[{Subject=appointment3902, TC No=TC07, AppointmentStatus=Meeting Fixed, ActivityID=06035433, TypeofContact=Email, CustomerType=NTB, UserName=axisadmin, Password=acid_qa, RunMode=Yes, Details=appointmentcreation, Role=BRO, TypeOfCustomer=Priority}]]>
              </value>
            </param>
          </params>
          <exception class="org.testng.SkipException">
            <message>
              <![CDATA[Skipping the test VERIFYACTIVITYCREATED as the Run mode is NO]]>
            </message>
            <full-stacktrace>
              <![CDATA[org.testng.SkipException: Skipping the test VERIFYACTIVITYCREATED as the Run mode is NO
at com.crm.testcases.TC08_ToverifyActivityCreatedIndependentlyTest.verifyActivityCreated(TC08_ToverifyActivityCreatedIndependentlyTest.java:34)
at java.base/jdk.internal.reflect.DirectMethodHandleAccessor.invoke(DirectMethodHandleAccessor.java:104)
at java.base/java.lang.reflect.Method.invoke(Method.java:577)
at org.testng.internal.invokers.MethodInvocationHelper.invokeMethod(MethodInvocationHelper.java:135)
at org.testng.internal.invokers.TestInvoker.invokeMethod(TestInvoker.java:673)
at org.testng.internal.invokers.TestInvoker.invokeTestMethod(TestInvoker.java:220)
at org.testng.internal.invokers.MethodRunner.runInSequence(MethodRunner.java:50)
at org.testng.internal.invokers.TestInvoker$MethodInvocationAgent.invoke(TestInvoker.java:945)
at org.testng.internal.invokers.TestInvoker.invokeTestMethods(TestInvoker.java:193)
at org.testng.internal.invokers.TestMethodWorker.invokeTestMethods(TestMethodWorker.java:146)
at org.testng.internal.invokers.TestMethodWorker.run(TestMethodWorker.java:128)
at java.base/java.util.ArrayList.forEach(ArrayList.java:1511)
at org.testng.TestRunner.privateRun(TestRunner.java:808)
at org.testng.TestRunner.run(TestRunner.java:603)
at org.testng.SuiteRunner.runTest(SuiteRunner.java:429)
at org.testng.SuiteRunner.runSequentially(SuiteRunner.java:423)
at org.testng.SuiteRunner.privateRun(SuiteRunner.java:383)
at org.testng.SuiteRunner.run(SuiteRunner.java:326)
at org.testng.SuiteRunnerWorker.runSuite(SuiteRunnerWorker.java:52)
at org.testng.SuiteRunnerWorker.run(SuiteRunnerWorker.java:95)
at org.testng.TestNG.runSuitesSequentially(TestNG.java:1249)
at org.testng.TestNG.runSuitesLocally(TestNG.java:1169)
at org.testng.TestNG.runSuites(TestNG.java:1092)
at org.testng.TestNG.run(TestNG.java:1060)
at org.testng.remote.AbstractRemoteTestNG.run(AbstractRemoteTestNG.java:115)
at org.testng.remote.RemoteTestNG.initAndRun(RemoteTestNG.java:251)
at org.testng.remote.RemoteTestNG.main(RemoteTestNG.java:77)
]]>
            </full-stacktrace>
          </exception> <!-- org.testng.SkipException -->
          <reporter-output>
          </reporter-output>
        </test-method> <!-- verifyActivityCreated -->
        <test-method is-config="true" signature="teardown()[pri:0, instance:com.crm.testcases.TC08_ToverifyActivityCreatedIndependentlyTest@84487f4]" started-at="2022-12-29T16:54:18 IST" name="teardown" finished-at="2022-12-29T16:54:18 IST" duration-ms="2" status="FAIL">
          <exception class="java.lang.NullPointerException">
            <message>
              <![CDATA[Cannot invoke "org.openqa.selenium.WebDriver.quit()" because "com.crm.base.TestBase.driver" is null]]>
            </message>
            <full-stacktrace>
              <![CDATA[java.lang.NullPointerException: Cannot invoke "org.openqa.selenium.WebDriver.quit()" because "com.crm.base.TestBase.driver" is null
at com.crm.base.TestBase.teardown(TestBase.java:149)
at java.base/jdk.internal.reflect.DirectMethodHandleAccessor.invoke(DirectMethodHandleAccessor.java:104)
at java.base/java.lang.reflect.Method.invoke(Method.java:577)
at org.testng.internal.invokers.MethodInvocationHelper.invokeMethod(MethodInvocationHelper.java:135)
at org.testng.internal.invokers.MethodInvocationHelper.invokeMethodConsideringTimeout(MethodInvocationHelper.java:65)
at org.testng.internal.invokers.ConfigInvoker.invokeConfigurationMethod(ConfigInvoker.java:381)
at org.testng.internal.invokers.ConfigInvoker.invokeConfigurations(ConfigInvoker.java:319)
at org.testng.TestRunner.invokeTestConfigurations(TestRunner.java:645)
at org.testng.TestRunner.afterRun(TestRunner.java:893)
at org.testng.TestRunner.run(TestRunner.java:606)
at org.testng.SuiteRunner.runTest(SuiteRunner.java:429)
at org.testng.SuiteRunner.runSequentially(SuiteRunner.java:423)
at org.testng.SuiteRunner.privateRun(SuiteRunner.java:383)
at org.testng.SuiteRunner.run(SuiteRunner.java:326)
at org.testng.SuiteRunnerWorker.runSuite(SuiteRunnerWorker.java:52)
at org.testng.SuiteRunnerWorker.run(SuiteRunnerWorker.java:95)
at org.testng.TestNG.runSuitesSequentially(TestNG.java:1249)
at org.testng.TestNG.runSuitesLocally(TestNG.java:1169)
at org.testng.TestNG.runSuites(TestNG.java:1092)
at org.testng.TestNG.run(TestNG.java:1060)
at org.testng.remote.AbstractRemoteTestNG.run(AbstractRemoteTestNG.java:115)
at org.testng.remote.RemoteTestNG.initAndRun(RemoteTestNG.java:251)
at org.testng.remote.RemoteTestNG.main(RemoteTestNG.java:77)
]]>
            </full-stacktrace>
          </exception> <!-- java.lang.NullPointerException -->
          <reporter-output>
          </reporter-output>
        </test-method> <!-- teardown -->
      </class> <!-- com.crm.testcases.TC08_ToverifyActivityCreatedIndependentlyTest -->
    </test> <!-- Activity Created -->
    <test started-at="2022-12-29T16:54:18 IST" name="Activity Created Edited" finished-at="2022-12-29T16:54:19 IST" duration-ms="770">
      <class name="com.crm.testcases.TC09_ToverifyCreatedActivityToBeEditedTest">
        <test-method signature="verifyCreatedActivityEdited(java.util.Hashtable)[pri:0, instance:com.crm.testcases.TC09_ToverifyCreatedActivityToBeEditedTest@a518813]" started-at="2022-12-29T16:54:18 IST" name="verifyCreatedActivityEdited" data-provider="dp" finished-at="2022-12-29T16:54:19 IST" duration-ms="762" status="SKIP">
          <params>
            <param index="0">
              <value>
                <![CDATA[{Subject=appointment3902, TC No=TC09, AppointmentStatus=In Progress, ActivityID=06035433, TypeofContact=Email, UserName=axisadmin, Password=acid_qa, RunMode=Yes, Details=appointmentcreation, Role=BRO}]]>
              </value>
            </param>
          </params>
          <exception class="org.testng.SkipException">
            <message>
              <![CDATA[Skipping the test VERIFYCREATEDACTIVITYEDITEDas the Run mode is NO]]>
            </message>
            <full-stacktrace>
              <![CDATA[org.testng.SkipException: Skipping the test VERIFYCREATEDACTIVITYEDITEDas the Run mode is NO
at com.crm.testcases.TC09_ToverifyCreatedActivityToBeEditedTest.verifyCreatedActivityEdited(TC09_ToverifyCreatedActivityToBeEditedTest.java:35)
at java.base/jdk.internal.reflect.DirectMethodHandleAccessor.invoke(DirectMethodHandleAccessor.java:104)
at java.base/java.lang.reflect.Method.invoke(Method.java:577)
at org.testng.internal.invokers.MethodInvocationHelper.invokeMethod(MethodInvocationHelper.java:135)
at org.testng.internal.invokers.TestInvoker.invokeMethod(TestInvoker.java:673)
at org.testng.internal.invokers.TestInvoker.invokeTestMethod(TestInvoker.java:220)
at org.testng.internal.invokers.MethodRunner.runInSequence(MethodRunner.java:50)
at org.testng.internal.invokers.TestInvoker$MethodInvocationAgent.invoke(TestInvoker.java:945)
at org.testng.internal.invokers.TestInvoker.invokeTestMethods(TestInvoker.java:193)
at org.testng.internal.invokers.TestMethodWorker.invokeTestMethods(TestMethodWorker.java:146)
at org.testng.internal.invokers.TestMethodWorker.run(TestMethodWorker.java:128)
at java.base/java.util.ArrayList.forEach(ArrayList.java:1511)
at org.testng.TestRunner.privateRun(TestRunner.java:808)
at org.testng.TestRunner.run(TestRunner.java:603)
at org.testng.SuiteRunner.runTest(SuiteRunner.java:429)
at org.testng.SuiteRunner.runSequentially(SuiteRunner.java:423)
at org.testng.SuiteRunner.privateRun(SuiteRunner.java:383)
at org.testng.SuiteRunner.run(SuiteRunner.java:326)
at org.testng.SuiteRunnerWorker.runSuite(SuiteRunnerWorker.java:52)
at org.testng.SuiteRunnerWorker.run(SuiteRunnerWorker.java:95)
at org.testng.TestNG.runSuitesSequentially(TestNG.java:1249)
at org.testng.TestNG.runSuitesLocally(TestNG.java:1169)
at org.testng.TestNG.runSuites(TestNG.java:1092)
at org.testng.TestNG.run(TestNG.java:1060)
at org.testng.remote.AbstractRemoteTestNG.run(AbstractRemoteTestNG.java:115)
at org.testng.remote.RemoteTestNG.initAndRun(RemoteTestNG.java:251)
at org.testng.remote.RemoteTestNG.main(RemoteTestNG.java:77)
]]>
            </full-stacktrace>
          </exception> <!-- org.testng.SkipException -->
          <reporter-output>
          </reporter-output>
        </test-method> <!-- verifyCreatedActivityEdited -->
        <test-method is-config="true" signature="teardown()[pri:0, instance:com.crm.testcases.TC09_ToverifyCreatedActivityToBeEditedTest@a518813]" started-at="2022-12-29T16:54:19 IST" name="teardown" finished-at="2022-12-29T16:54:19 IST" duration-ms="1" status="FAIL">
          <exception class="java.lang.NullPointerException">
            <message>
              <![CDATA[Cannot invoke "org.openqa.selenium.WebDriver.quit()" because "com.crm.base.TestBase.driver" is null]]>
            </message>
            <full-stacktrace>
              <![CDATA[java.lang.NullPointerException: Cannot invoke "org.openqa.selenium.WebDriver.quit()" because "com.crm.base.TestBase.driver" is null
at com.crm.base.TestBase.teardown(TestBase.java:149)
at java.base/jdk.internal.reflect.DirectMethodHandleAccessor.invoke(DirectMethodHandleAccessor.java:104)
at java.base/java.lang.reflect.Method.invoke(Method.java:577)
at org.testng.internal.invokers.MethodInvocationHelper.invokeMethod(MethodInvocationHelper.java:135)
at org.testng.internal.invokers.MethodInvocationHelper.invokeMethodConsideringTimeout(MethodInvocationHelper.java:65)
at org.testng.internal.invokers.ConfigInvoker.invokeConfigurationMethod(ConfigInvoker.java:381)
at org.testng.internal.invokers.ConfigInvoker.invokeConfigurations(ConfigInvoker.java:319)
at org.testng.TestRunner.invokeTestConfigurations(TestRunner.java:645)
at org.testng.TestRunner.afterRun(TestRunner.java:893)
at org.testng.TestRunner.run(TestRunner.java:606)
at org.testng.SuiteRunner.runTest(SuiteRunner.java:429)
at org.testng.SuiteRunner.runSequentially(SuiteRunner.java:423)
at org.testng.SuiteRunner.privateRun(SuiteRunner.java:383)
at org.testng.SuiteRunner.run(SuiteRunner.java:326)
at org.testng.SuiteRunnerWorker.runSuite(SuiteRunnerWorker.java:52)
at org.testng.SuiteRunnerWorker.run(SuiteRunnerWorker.java:95)
at org.testng.TestNG.runSuitesSequentially(TestNG.java:1249)
at org.testng.TestNG.runSuitesLocally(TestNG.java:1169)
at org.testng.TestNG.runSuites(TestNG.java:1092)
at org.testng.TestNG.run(TestNG.java:1060)
at org.testng.remote.AbstractRemoteTestNG.run(AbstractRemoteTestNG.java:115)
at org.testng.remote.RemoteTestNG.initAndRun(RemoteTestNG.java:251)
at org.testng.remote.RemoteTestNG.main(RemoteTestNG.java:77)
]]>
            </full-stacktrace>
          </exception> <!-- java.lang.NullPointerException -->
          <reporter-output>
          </reporter-output>
        </test-method> <!-- teardown -->
      </class> <!-- com.crm.testcases.TC09_ToverifyCreatedActivityToBeEditedTest -->
    </test> <!-- Activity Created Edited -->
    <test started-at="2022-12-29T16:54:19 IST" name="Pagination On Appointment Listing Page" finished-at="2022-12-29T16:54:20 IST" duration-ms="1023">
      <class name="com.crm.testcases.TC10_ToVerifyPaginationAndOrderByOnAppointmentListingTest">
        <test-method signature="verifyPaginationOnApppointment(java.util.Hashtable)[pri:0, instance:com.crm.testcases.TC10_ToVerifyPaginationAndOrderByOnAppointmentListingTest@1d75e7af]" started-at="2022-12-29T16:54:19 IST" name="verifyPaginationOnApppointment" data-provider="dp" finished-at="2022-12-29T16:54:20 IST" duration-ms="1014" status="SKIP">
          <params>
            <param index="0">
              <value>
                <![CDATA[{RunMode=Yes, Password=acid_qa, Role=BRO, UserName=axisadmin, TC No=TC10}]]>
              </value>
            </param>
          </params>
          <exception class="org.testng.SkipException">
            <message>
              <![CDATA[Skipping the test VERIFYPAGINATIONONAPPPOINTMENTas the Run mode is NO]]>
            </message>
            <full-stacktrace>
              <![CDATA[org.testng.SkipException: Skipping the test VERIFYPAGINATIONONAPPPOINTMENTas the Run mode is NO
at com.crm.testcases.TC10_ToVerifyPaginationAndOrderByOnAppointmentListingTest.verifyPaginationOnApppointment(TC10_ToVerifyPaginationAndOrderByOnAppointmentListingTest.java:38)
at java.base/jdk.internal.reflect.DirectMethodHandleAccessor.invoke(DirectMethodHandleAccessor.java:104)
at java.base/java.lang.reflect.Method.invoke(Method.java:577)
at org.testng.internal.invokers.MethodInvocationHelper.invokeMethod(MethodInvocationHelper.java:135)
at org.testng.internal.invokers.TestInvoker.invokeMethod(TestInvoker.java:673)
at org.testng.internal.invokers.TestInvoker.invokeTestMethod(TestInvoker.java:220)
at org.testng.internal.invokers.MethodRunner.runInSequence(MethodRunner.java:50)
at org.testng.internal.invokers.TestInvoker$MethodInvocationAgent.invoke(TestInvoker.java:945)
at org.testng.internal.invokers.TestInvoker.invokeTestMethods(TestInvoker.java:193)
at org.testng.internal.invokers.TestMethodWorker.invokeTestMethods(TestMethodWorker.java:146)
at org.testng.internal.invokers.TestMethodWorker.run(TestMethodWorker.java:128)
at java.base/java.util.ArrayList.forEach(ArrayList.java:1511)
at org.testng.TestRunner.privateRun(TestRunner.java:808)
at org.testng.TestRunner.run(TestRunner.java:603)
at org.testng.SuiteRunner.runTest(SuiteRunner.java:429)
at org.testng.SuiteRunner.runSequentially(SuiteRunner.java:423)
at org.testng.SuiteRunner.privateRun(SuiteRunner.java:383)
at org.testng.SuiteRunner.run(SuiteRunner.java:326)
at org.testng.SuiteRunnerWorker.runSuite(SuiteRunnerWorker.java:52)
at org.testng.SuiteRunnerWorker.run(SuiteRunnerWorker.java:95)
at org.testng.TestNG.runSuitesSequentially(TestNG.java:1249)
at org.testng.TestNG.runSuitesLocally(TestNG.java:1169)
at org.testng.TestNG.runSuites(TestNG.java:1092)
at org.testng.TestNG.run(TestNG.java:1060)
at org.testng.remote.AbstractRemoteTestNG.run(AbstractRemoteTestNG.java:115)
at org.testng.remote.RemoteTestNG.initAndRun(RemoteTestNG.java:251)
at org.testng.remote.RemoteTestNG.main(RemoteTestNG.java:77)
]]>
            </full-stacktrace>
          </exception> <!-- org.testng.SkipException -->
          <reporter-output>
          </reporter-output>
        </test-method> <!-- verifyPaginationOnApppointment -->
        <test-method is-config="true" signature="teardown()[pri:0, instance:com.crm.testcases.TC10_ToVerifyPaginationAndOrderByOnAppointmentListingTest@1d75e7af]" started-at="2022-12-29T16:54:20 IST" name="teardown" finished-at="2022-12-29T16:54:20 IST" duration-ms="0" status="FAIL">
          <exception class="java.lang.NullPointerException">
            <message>
              <![CDATA[Cannot invoke "org.openqa.selenium.WebDriver.quit()" because "com.crm.base.TestBase.driver" is null]]>
            </message>
            <full-stacktrace>
              <![CDATA[java.lang.NullPointerException: Cannot invoke "org.openqa.selenium.WebDriver.quit()" because "com.crm.base.TestBase.driver" is null
at com.crm.base.TestBase.teardown(TestBase.java:149)
at java.base/jdk.internal.reflect.DirectMethodHandleAccessor.invoke(DirectMethodHandleAccessor.java:104)
at java.base/java.lang.reflect.Method.invoke(Method.java:577)
at org.testng.internal.invokers.MethodInvocationHelper.invokeMethod(MethodInvocationHelper.java:135)
at org.testng.internal.invokers.MethodInvocationHelper.invokeMethodConsideringTimeout(MethodInvocationHelper.java:65)
at org.testng.internal.invokers.ConfigInvoker.invokeConfigurationMethod(ConfigInvoker.java:381)
at org.testng.internal.invokers.ConfigInvoker.invokeConfigurations(ConfigInvoker.java:319)
at org.testng.TestRunner.invokeTestConfigurations(TestRunner.java:645)
at org.testng.TestRunner.afterRun(TestRunner.java:893)
at org.testng.TestRunner.run(TestRunner.java:606)
at org.testng.SuiteRunner.runTest(SuiteRunner.java:429)
at org.testng.SuiteRunner.runSequentially(SuiteRunner.java:423)
at org.testng.SuiteRunner.privateRun(SuiteRunner.java:383)
at org.testng.SuiteRunner.run(SuiteRunner.java:326)
at org.testng.SuiteRunnerWorker.runSuite(SuiteRunnerWorker.java:52)
at org.testng.SuiteRunnerWorker.run(SuiteRunnerWorker.java:95)
at org.testng.TestNG.runSuitesSequentially(TestNG.java:1249)
at org.testng.TestNG.runSuitesLocally(TestNG.java:1169)
at org.testng.TestNG.runSuites(TestNG.java:1092)
at org.testng.TestNG.run(TestNG.java:1060)
at org.testng.remote.AbstractRemoteTestNG.run(AbstractRemoteTestNG.java:115)
at org.testng.remote.RemoteTestNG.initAndRun(RemoteTestNG.java:251)
at org.testng.remote.RemoteTestNG.main(RemoteTestNG.java:77)
]]>
            </full-stacktrace>
          </exception> <!-- java.lang.NullPointerException -->
          <reporter-output>
          </reporter-output>
        </test-method> <!-- teardown -->
      </class> <!-- com.crm.testcases.TC10_ToVerifyPaginationAndOrderByOnAppointmentListingTest -->
    </test> <!-- Pagination On Appointment Listing Page -->
    <test started-at="2022-12-29T16:54:20 IST" name="Scheduled Appointment" finished-at="2022-12-29T16:54:21 IST" duration-ms="902">
      <class name="com.crm.testcases.TC11_ToVerifyScheduledAppointmentTest">
        <test-method signature="verifyScheduledAppointment(java.util.Hashtable)[pri:0, instance:com.crm.testcases.TC11_ToVerifyScheduledAppointmentTest@3d5790ea]" started-at="2022-12-29T16:54:20 IST" name="verifyScheduledAppointment" data-provider="dp" finished-at="2022-12-29T16:54:21 IST" duration-ms="893" status="SKIP">
          <params>
            <param index="0">
              <value>
                <![CDATA[{Subject=appointment3902, RunMode=Yes, Password=acid_qa, Role=BRO, ActivityID=06035433, UserName=axisadmin, TC No=TC11}]]>
              </value>
            </param>
          </params>
          <exception class="org.testng.SkipException">
            <message>
              <![CDATA[Skipping the test VERIFYSCHEDULEDAPPOINTMENTas the Run mode is NO]]>
            </message>
            <full-stacktrace>
              <![CDATA[org.testng.SkipException: Skipping the test VERIFYSCHEDULEDAPPOINTMENTas the Run mode is NO
at com.crm.testcases.TC11_ToVerifyScheduledAppointmentTest.verifyScheduledAppointment(TC11_ToVerifyScheduledAppointmentTest.java:38)
at java.base/jdk.internal.reflect.DirectMethodHandleAccessor.invoke(DirectMethodHandleAccessor.java:104)
at java.base/java.lang.reflect.Method.invoke(Method.java:577)
at org.testng.internal.invokers.MethodInvocationHelper.invokeMethod(MethodInvocationHelper.java:135)
at org.testng.internal.invokers.TestInvoker.invokeMethod(TestInvoker.java:673)
at org.testng.internal.invokers.TestInvoker.invokeTestMethod(TestInvoker.java:220)
at org.testng.internal.invokers.MethodRunner.runInSequence(MethodRunner.java:50)
at org.testng.internal.invokers.TestInvoker$MethodInvocationAgent.invoke(TestInvoker.java:945)
at org.testng.internal.invokers.TestInvoker.invokeTestMethods(TestInvoker.java:193)
at org.testng.internal.invokers.TestMethodWorker.invokeTestMethods(TestMethodWorker.java:146)
at org.testng.internal.invokers.TestMethodWorker.run(TestMethodWorker.java:128)
at java.base/java.util.ArrayList.forEach(ArrayList.java:1511)
at org.testng.TestRunner.privateRun(TestRunner.java:808)
at org.testng.TestRunner.run(TestRunner.java:603)
at org.testng.SuiteRunner.runTest(SuiteRunner.java:429)
at org.testng.SuiteRunner.runSequentially(SuiteRunner.java:423)
at org.testng.SuiteRunner.privateRun(SuiteRunner.java:383)
at org.testng.SuiteRunner.run(SuiteRunner.java:326)
at org.testng.SuiteRunnerWorker.runSuite(SuiteRunnerWorker.java:52)
at org.testng.SuiteRunnerWorker.run(SuiteRunnerWorker.java:95)
at org.testng.TestNG.runSuitesSequentially(TestNG.java:1249)
at org.testng.TestNG.runSuitesLocally(TestNG.java:1169)
at org.testng.TestNG.runSuites(TestNG.java:1092)
at org.testng.TestNG.run(TestNG.java:1060)
at org.testng.remote.AbstractRemoteTestNG.run(AbstractRemoteTestNG.java:115)
at org.testng.remote.RemoteTestNG.initAndRun(RemoteTestNG.java:251)
at org.testng.remote.RemoteTestNG.main(RemoteTestNG.java:77)
]]>
            </full-stacktrace>
          </exception> <!-- org.testng.SkipException -->
          <reporter-output>
          </reporter-output>
        </test-method> <!-- verifyScheduledAppointment -->
        <test-method is-config="true" signature="teardown()[pri:0, instance:com.crm.testcases.TC11_ToVerifyScheduledAppointmentTest@3d5790ea]" started-at="2022-12-29T16:54:21 IST" name="teardown" finished-at="2022-12-29T16:54:21 IST" duration-ms="0" status="FAIL">
          <exception class="java.lang.NullPointerException">
            <message>
              <![CDATA[Cannot invoke "org.openqa.selenium.WebDriver.quit()" because "com.crm.base.TestBase.driver" is null]]>
            </message>
            <full-stacktrace>
              <![CDATA[java.lang.NullPointerException: Cannot invoke "org.openqa.selenium.WebDriver.quit()" because "com.crm.base.TestBase.driver" is null
at com.crm.base.TestBase.teardown(TestBase.java:149)
at java.base/jdk.internal.reflect.DirectMethodHandleAccessor.invoke(DirectMethodHandleAccessor.java:104)
at java.base/java.lang.reflect.Method.invoke(Method.java:577)
at org.testng.internal.invokers.MethodInvocationHelper.invokeMethod(MethodInvocationHelper.java:135)
at org.testng.internal.invokers.MethodInvocationHelper.invokeMethodConsideringTimeout(MethodInvocationHelper.java:65)
at org.testng.internal.invokers.ConfigInvoker.invokeConfigurationMethod(ConfigInvoker.java:381)
at org.testng.internal.invokers.ConfigInvoker.invokeConfigurations(ConfigInvoker.java:319)
at org.testng.TestRunner.invokeTestConfigurations(TestRunner.java:645)
at org.testng.TestRunner.afterRun(TestRunner.java:893)
at org.testng.TestRunner.run(TestRunner.java:606)
at org.testng.SuiteRunner.runTest(SuiteRunner.java:429)
at org.testng.SuiteRunner.runSequentially(SuiteRunner.java:423)
at org.testng.SuiteRunner.privateRun(SuiteRunner.java:383)
at org.testng.SuiteRunner.run(SuiteRunner.java:326)
at org.testng.SuiteRunnerWorker.runSuite(SuiteRunnerWorker.java:52)
at org.testng.SuiteRunnerWorker.run(SuiteRunnerWorker.java:95)
at org.testng.TestNG.runSuitesSequentially(TestNG.java:1249)
at org.testng.TestNG.runSuitesLocally(TestNG.java:1169)
at org.testng.TestNG.runSuites(TestNG.java:1092)
at org.testng.TestNG.run(TestNG.java:1060)
at org.testng.remote.AbstractRemoteTestNG.run(AbstractRemoteTestNG.java:115)
at org.testng.remote.RemoteTestNG.initAndRun(RemoteTestNG.java:251)
at org.testng.remote.RemoteTestNG.main(RemoteTestNG.java:77)
]]>
            </full-stacktrace>
          </exception> <!-- java.lang.NullPointerException -->
          <reporter-output>
          </reporter-output>
        </test-method> <!-- teardown -->
      </class> <!-- com.crm.testcases.TC11_ToVerifyScheduledAppointmentTest -->
    </test> <!-- Scheduled Appointment -->
    <test started-at="2022-12-29T16:54:21 IST" name="Category View Appointment" finished-at="2022-12-29T16:54:22 IST" duration-ms="979">
      <class name="com.crm.testcases.TC12_ToVerfiyCategoryViewAppointmentTest">
        <test-method signature="verfiyCategoryViewAppointment(java.util.Hashtable)[pri:0, instance:com.crm.testcases.TC12_ToVerfiyCategoryViewAppointmentTest@5c534b5b]" started-at="2022-12-29T16:54:21 IST" name="verfiyCategoryViewAppointment" data-provider="dp" finished-at="2022-12-29T16:54:22 IST" duration-ms="971" status="SKIP">
          <params>
            <param index="0">
              <value>
                <![CDATA[{Subject=appointment3902, RunMode=Yes, Password=acid_qa, Role=BRO, ActivityID=06035433, UserName=axisadmin, TC No=TC12}]]>
              </value>
            </param>
          </params>
          <exception class="org.testng.SkipException">
            <message>
              <![CDATA[Skipping the test VERFIYCATEGORYVIEWAPPOINTMENTas the Run mode is NO]]>
            </message>
            <full-stacktrace>
              <![CDATA[org.testng.SkipException: Skipping the test VERFIYCATEGORYVIEWAPPOINTMENTas the Run mode is NO
at com.crm.testcases.TC12_ToVerfiyCategoryViewAppointmentTest.verfiyCategoryViewAppointment(TC12_ToVerfiyCategoryViewAppointmentTest.java:38)
at java.base/jdk.internal.reflect.DirectMethodHandleAccessor.invoke(DirectMethodHandleAccessor.java:104)
at java.base/java.lang.reflect.Method.invoke(Method.java:577)
at org.testng.internal.invokers.MethodInvocationHelper.invokeMethod(MethodInvocationHelper.java:135)
at org.testng.internal.invokers.TestInvoker.invokeMethod(TestInvoker.java:673)
at org.testng.internal.invokers.TestInvoker.invokeTestMethod(TestInvoker.java:220)
at org.testng.internal.invokers.MethodRunner.runInSequence(MethodRunner.java:50)
at org.testng.internal.invokers.TestInvoker$MethodInvocationAgent.invoke(TestInvoker.java:945)
at org.testng.internal.invokers.TestInvoker.invokeTestMethods(TestInvoker.java:193)
at org.testng.internal.invokers.TestMethodWorker.invokeTestMethods(TestMethodWorker.java:146)
at org.testng.internal.invokers.TestMethodWorker.run(TestMethodWorker.java:128)
at java.base/java.util.ArrayList.forEach(ArrayList.java:1511)
at org.testng.TestRunner.privateRun(TestRunner.java:808)
at org.testng.TestRunner.run(TestRunner.java:603)
at org.testng.SuiteRunner.runTest(SuiteRunner.java:429)
at org.testng.SuiteRunner.runSequentially(SuiteRunner.java:423)
at org.testng.SuiteRunner.privateRun(SuiteRunner.java:383)
at org.testng.SuiteRunner.run(SuiteRunner.java:326)
at org.testng.SuiteRunnerWorker.runSuite(SuiteRunnerWorker.java:52)
at org.testng.SuiteRunnerWorker.run(SuiteRunnerWorker.java:95)
at org.testng.TestNG.runSuitesSequentially(TestNG.java:1249)
at org.testng.TestNG.runSuitesLocally(TestNG.java:1169)
at org.testng.TestNG.runSuites(TestNG.java:1092)
at org.testng.TestNG.run(TestNG.java:1060)
at org.testng.remote.AbstractRemoteTestNG.run(AbstractRemoteTestNG.java:115)
at org.testng.remote.RemoteTestNG.initAndRun(RemoteTestNG.java:251)
at org.testng.remote.RemoteTestNG.main(RemoteTestNG.java:77)
]]>
            </full-stacktrace>
          </exception> <!-- org.testng.SkipException -->
          <reporter-output>
          </reporter-output>
        </test-method> <!-- verfiyCategoryViewAppointment -->
        <test-method is-config="true" signature="teardown()[pri:0, instance:com.crm.testcases.TC12_ToVerfiyCategoryViewAppointmentTest@5c534b5b]" started-at="2022-12-29T16:54:22 IST" name="teardown" finished-at="2022-12-29T16:54:22 IST" duration-ms="0" status="FAIL">
          <exception class="java.lang.NullPointerException">
            <message>
              <![CDATA[Cannot invoke "org.openqa.selenium.WebDriver.quit()" because "com.crm.base.TestBase.driver" is null]]>
            </message>
            <full-stacktrace>
              <![CDATA[java.lang.NullPointerException: Cannot invoke "org.openqa.selenium.WebDriver.quit()" because "com.crm.base.TestBase.driver" is null
at com.crm.base.TestBase.teardown(TestBase.java:149)
at java.base/jdk.internal.reflect.DirectMethodHandleAccessor.invoke(DirectMethodHandleAccessor.java:104)
at java.base/java.lang.reflect.Method.invoke(Method.java:577)
at org.testng.internal.invokers.MethodInvocationHelper.invokeMethod(MethodInvocationHelper.java:135)
at org.testng.internal.invokers.MethodInvocationHelper.invokeMethodConsideringTimeout(MethodInvocationHelper.java:65)
at org.testng.internal.invokers.ConfigInvoker.invokeConfigurationMethod(ConfigInvoker.java:381)
at org.testng.internal.invokers.ConfigInvoker.invokeConfigurations(ConfigInvoker.java:319)
at org.testng.TestRunner.invokeTestConfigurations(TestRunner.java:645)
at org.testng.TestRunner.afterRun(TestRunner.java:893)
at org.testng.TestRunner.run(TestRunner.java:606)
at org.testng.SuiteRunner.runTest(SuiteRunner.java:429)
at org.testng.SuiteRunner.runSequentially(SuiteRunner.java:423)
at org.testng.SuiteRunner.privateRun(SuiteRunner.java:383)
at org.testng.SuiteRunner.run(SuiteRunner.java:326)
at org.testng.SuiteRunnerWorker.runSuite(SuiteRunnerWorker.java:52)
at org.testng.SuiteRunnerWorker.run(SuiteRunnerWorker.java:95)
at org.testng.TestNG.runSuitesSequentially(TestNG.java:1249)
at org.testng.TestNG.runSuitesLocally(TestNG.java:1169)
at org.testng.TestNG.runSuites(TestNG.java:1092)
at org.testng.TestNG.run(TestNG.java:1060)
at org.testng.remote.AbstractRemoteTestNG.run(AbstractRemoteTestNG.java:115)
at org.testng.remote.RemoteTestNG.initAndRun(RemoteTestNG.java:251)
at org.testng.remote.RemoteTestNG.main(RemoteTestNG.java:77)
]]>
            </full-stacktrace>
          </exception> <!-- java.lang.NullPointerException -->
          <reporter-output>
          </reporter-output>
        </test-method> <!-- teardown -->
      </class> <!-- com.crm.testcases.TC12_ToVerfiyCategoryViewAppointmentTest -->
    </test> <!-- Category View Appointment -->
    <test started-at="2022-12-29T16:54:22 IST" name=" Activity Created closed" finished-at="2022-12-29T16:54:23 IST" duration-ms="761">
      <class name="com.crm.testcases.TC13_ToverifyCreatedActivityClosedTest">
        <test-method signature="verifyCreatedActivityClosed(java.util.Hashtable)[pri:0, instance:com.crm.testcases.TC13_ToverifyCreatedActivityClosedTest@7158daf2]" started-at="2022-12-29T16:54:22 IST" name="verifyCreatedActivityClosed" data-provider="dp" finished-at="2022-12-29T16:54:23 IST" duration-ms="753" status="SKIP">
          <params>
            <param index="0">
              <value>
                <![CDATA[{TypeofContact=Email, Password=acid_qa, CustomerName=test, Role=BRO, CommunicationSent=Yes, Details=appointmentcreation, Subject=appointment3902, JointCall=No, UserName=axisadmin, TypeOfCustomer=Priority, AssignedTo=, MobileNumber=9000002044, TC No=TC13, RunMode=Yes, Reason=, ActivityID=06035433, ProductPitched=No, ClientSegmentCode=}]]>
              </value>
            </param>
          </params>
          <exception class="org.testng.SkipException">
            <message>
              <![CDATA[Skipping the test VERIFYCREATEDACTIVITYCLOSEDas the Run mode is NO]]>
            </message>
            <full-stacktrace>
              <![CDATA[org.testng.SkipException: Skipping the test VERIFYCREATEDACTIVITYCLOSEDas the Run mode is NO
at com.crm.testcases.TC13_ToverifyCreatedActivityClosedTest.verifyCreatedActivityClosed(TC13_ToverifyCreatedActivityClosedTest.java:36)
at java.base/jdk.internal.reflect.DirectMethodHandleAccessor.invoke(DirectMethodHandleAccessor.java:104)
at java.base/java.lang.reflect.Method.invoke(Method.java:577)
at org.testng.internal.invokers.MethodInvocationHelper.invokeMethod(MethodInvocationHelper.java:135)
at org.testng.internal.invokers.TestInvoker.invokeMethod(TestInvoker.java:673)
at org.testng.internal.invokers.TestInvoker.invokeTestMethod(TestInvoker.java:220)
at org.testng.internal.invokers.MethodRunner.runInSequence(MethodRunner.java:50)
at org.testng.internal.invokers.TestInvoker$MethodInvocationAgent.invoke(TestInvoker.java:945)
at org.testng.internal.invokers.TestInvoker.invokeTestMethods(TestInvoker.java:193)
at org.testng.internal.invokers.TestMethodWorker.invokeTestMethods(TestMethodWorker.java:146)
at org.testng.internal.invokers.TestMethodWorker.run(TestMethodWorker.java:128)
at java.base/java.util.ArrayList.forEach(ArrayList.java:1511)
at org.testng.TestRunner.privateRun(TestRunner.java:808)
at org.testng.TestRunner.run(TestRunner.java:603)
at org.testng.SuiteRunner.runTest(SuiteRunner.java:429)
at org.testng.SuiteRunner.runSequentially(SuiteRunner.java:423)
at org.testng.SuiteRunner.privateRun(SuiteRunner.java:383)
at org.testng.SuiteRunner.run(SuiteRunner.java:326)
at org.testng.SuiteRunnerWorker.runSuite(SuiteRunnerWorker.java:52)
at org.testng.SuiteRunnerWorker.run(SuiteRunnerWorker.java:95)
at org.testng.TestNG.runSuitesSequentially(TestNG.java:1249)
at org.testng.TestNG.runSuitesLocally(TestNG.java:1169)
at org.testng.TestNG.runSuites(TestNG.java:1092)
at org.testng.TestNG.run(TestNG.java:1060)
at org.testng.remote.AbstractRemoteTestNG.run(AbstractRemoteTestNG.java:115)
at org.testng.remote.RemoteTestNG.initAndRun(RemoteTestNG.java:251)
at org.testng.remote.RemoteTestNG.main(RemoteTestNG.java:77)
]]>
            </full-stacktrace>
          </exception> <!-- org.testng.SkipException -->
          <reporter-output>
          </reporter-output>
        </test-method> <!-- verifyCreatedActivityClosed -->
        <test-method is-config="true" signature="teardown()[pri:0, instance:com.crm.testcases.TC13_ToverifyCreatedActivityClosedTest@7158daf2]" started-at="2022-12-29T16:54:23 IST" name="teardown" finished-at="2022-12-29T16:54:23 IST" duration-ms="1" status="FAIL">
          <exception class="java.lang.NullPointerException">
            <message>
              <![CDATA[Cannot invoke "org.openqa.selenium.WebDriver.quit()" because "com.crm.base.TestBase.driver" is null]]>
            </message>
            <full-stacktrace>
              <![CDATA[java.lang.NullPointerException: Cannot invoke "org.openqa.selenium.WebDriver.quit()" because "com.crm.base.TestBase.driver" is null
at com.crm.base.TestBase.teardown(TestBase.java:149)
at java.base/jdk.internal.reflect.DirectMethodHandleAccessor.invoke(DirectMethodHandleAccessor.java:104)
at java.base/java.lang.reflect.Method.invoke(Method.java:577)
at org.testng.internal.invokers.MethodInvocationHelper.invokeMethod(MethodInvocationHelper.java:135)
at org.testng.internal.invokers.MethodInvocationHelper.invokeMethodConsideringTimeout(MethodInvocationHelper.java:65)
at org.testng.internal.invokers.ConfigInvoker.invokeConfigurationMethod(ConfigInvoker.java:381)
at org.testng.internal.invokers.ConfigInvoker.invokeConfigurations(ConfigInvoker.java:319)
at org.testng.TestRunner.invokeTestConfigurations(TestRunner.java:645)
at org.testng.TestRunner.afterRun(TestRunner.java:893)
at org.testng.TestRunner.run(TestRunner.java:606)
at org.testng.SuiteRunner.runTest(SuiteRunner.java:429)
at org.testng.SuiteRunner.runSequentially(SuiteRunner.java:423)
at org.testng.SuiteRunner.privateRun(SuiteRunner.java:383)
at org.testng.SuiteRunner.run(SuiteRunner.java:326)
at org.testng.SuiteRunnerWorker.runSuite(SuiteRunnerWorker.java:52)
at org.testng.SuiteRunnerWorker.run(SuiteRunnerWorker.java:95)
at org.testng.TestNG.runSuitesSequentially(TestNG.java:1249)
at org.testng.TestNG.runSuitesLocally(TestNG.java:1169)
at org.testng.TestNG.runSuites(TestNG.java:1092)
at org.testng.TestNG.run(TestNG.java:1060)
at org.testng.remote.AbstractRemoteTestNG.run(AbstractRemoteTestNG.java:115)
at org.testng.remote.RemoteTestNG.initAndRun(RemoteTestNG.java:251)
at org.testng.remote.RemoteTestNG.main(RemoteTestNG.java:77)
]]>
            </full-stacktrace>
          </exception> <!-- java.lang.NullPointerException -->
          <reporter-output>
          </reporter-output>
        </test-method> <!-- teardown -->
      </class> <!-- com.crm.testcases.TC13_ToverifyCreatedActivityClosedTest -->
    </test> <!--  Activity Created closed -->
    <test started-at="2022-12-29T16:54:23 IST" name="Lead Creation Page Open" finished-at="2022-12-29T16:54:24 IST" duration-ms="874">
      <class name="com.crm.testcases.TC14_ToverifyLeadCreationPageOpenTest">
        <test-method signature="verifyLeadPageOpen(java.util.Hashtable)[pri:0, instance:com.crm.testcases.TC14_ToverifyLeadCreationPageOpenTest@7a389761]" started-at="2022-12-29T16:54:23 IST" name="verifyLeadPageOpen" data-provider="dp" finished-at="2022-12-29T16:54:24 IST" duration-ms="866" status="SKIP">
          <params>
            <param index="0">
              <value>
                <![CDATA[{RunMode=Yes, Password=acid_qa, Role=BRO, UserName=axisadmin, TC No=TC14}]]>
              </value>
            </param>
          </params>
          <exception class="org.testng.SkipException">
            <message>
              <![CDATA[Skipping the test VERIFYLEADPAGEOPENas the Run mode is NO]]>
            </message>
            <full-stacktrace>
              <![CDATA[org.testng.SkipException: Skipping the test VERIFYLEADPAGEOPENas the Run mode is NO
at com.crm.testcases.TC14_ToverifyLeadCreationPageOpenTest.verifyLeadPageOpen(TC14_ToverifyLeadCreationPageOpenTest.java:34)
at java.base/jdk.internal.reflect.DirectMethodHandleAccessor.invoke(DirectMethodHandleAccessor.java:104)
at java.base/java.lang.reflect.Method.invoke(Method.java:577)
at org.testng.internal.invokers.MethodInvocationHelper.invokeMethod(MethodInvocationHelper.java:135)
at org.testng.internal.invokers.TestInvoker.invokeMethod(TestInvoker.java:673)
at org.testng.internal.invokers.TestInvoker.invokeTestMethod(TestInvoker.java:220)
at org.testng.internal.invokers.MethodRunner.runInSequence(MethodRunner.java:50)
at org.testng.internal.invokers.TestInvoker$MethodInvocationAgent.invoke(TestInvoker.java:945)
at org.testng.internal.invokers.TestInvoker.invokeTestMethods(TestInvoker.java:193)
at org.testng.internal.invokers.TestMethodWorker.invokeTestMethods(TestMethodWorker.java:146)
[...]
      <class name="com.crm.testcases.TC44_ToVerifyReportsAddedToQuickLinksTest">
        <test-method signature="verifyReportsAddedToQuicklinks(java.util.Hashtable)[pri:0, instance:com.crm.testcases.TC44_ToVerifyReportsAddedToQuickLinksTest@14b7786]" started-at="2022-12-29T16:55:55 IST" name="verifyReportsAddedToQuicklinks" data-provider="dp" finished-at="2022-12-29T16:55:56 IST" duration-ms="524" status="SKIP">
          <params>
            <param index="0">
              <value>
                <![CDATA[{RunMode=Yes, Password=acid_qa, Role=Administrator, UserName=axisadmin, TC No=TC44}]]>
              </value>
            </param>
          </params>
          <exception class="org.testng.SkipException">
            <message>
              <![CDATA[Skipping the test VERIFYREPORTSADDEDTOQUICKLINKSas the Run mode is NO]]>
            </message>
            <full-stacktrace>
              <![CDATA[org.testng.SkipException: Skipping the test VERIFYREPORTSADDEDTOQUICKLINKSas the Run mode is NO
at com.crm.testcases.TC44_ToVerifyReportsAddedToQuickLinksTest.verifyReportsAddedToQuicklinks(TC44_ToVerifyReportsAddedToQuickLinksTest.java:35)
at java.base/jdk.internal.reflect.DirectMethodHandleAccessor.invoke(DirectMethodHandleAccessor.java:104)
at java.base/java.lang.reflect.Method.invoke(Method.java:577)
at org.testng.internal.invokers.MethodInvocationHelper.invokeMethod(MethodInvocationHelper.java:135)
at org.testng.internal.invokers.TestInvoker.invokeMethod(TestInvoker.java:673)
at org.testng.internal.invokers.TestInvoker.invokeTestMethod(TestInvoker.java:220)
at org.testng.internal.invokers.MethodRunner.runInSequence(MethodRunner.java:50)
at org.testng.internal.invokers.TestInvoker$MethodInvocationAgent.invoke(TestInvoker.java:945)
at org.testng.internal.invokers.TestInvoker.invokeTestMethods(TestInvoker.java:193)
at org.testng.internal.invokers.TestMethodWorker.invokeTestMethods(TestMethodWorker.java:146)
at org.testng.internal.invokers.TestMethodWorker.run(TestMethodWorker.java:128)
at java.base/java.util.ArrayList.forEach(ArrayList.java:1511)
at org.testng.TestRunner.privateRun(TestRunner.java:808)
at org.testng.TestRunner.run(TestRunner.java:603)
at org.testng.SuiteRunner.runTest(SuiteRunner.java:429)
at org.testng.SuiteRunner.runSequentially(SuiteRunner.java:423)
at org.testng.SuiteRunner.privateRun(SuiteRunner.java:383)
at org.testng.SuiteRunner.run(SuiteRunner.java:326)
at org.testng.SuiteRunnerWorker.runSuite(SuiteRunnerWorker.java:52)
at org.testng.SuiteRunnerWorker.run(SuiteRunnerWorker.java:95)
at org.testng.TestNG.runSuitesSequentially(TestNG.java:1249)
at org.testng.TestNG.runSuitesLocally(TestNG.java:1169)
at org.testng.TestNG.runSuites(TestNG.java:1092)
at org.testng.TestNG.run(TestNG.java:1060)
at org.testng.remote.AbstractRemoteTestNG.run(AbstractRemoteTestNG.java:115)
at org.testng.remote.RemoteTestNG.initAndRun(RemoteTestNG.java:251)
at org.testng.remote.RemoteTestNG.main(RemoteTestNG.java:77)
]]>
            </full-stacktrace>
          </exception> <!-- org.testng.SkipException -->
          <reporter-output>
          </reporter-output>
        </test-method> <!-- verifyReportsAddedToQuicklinks -->
        <test-method is-config="true" signature="teardown()[pri:0, instance:com.crm.testcases.TC44_ToVerifyReportsAddedToQuickLinksTest@14b7786]" started-at="2022-12-29T16:55:56 IST" name="teardown" finished-at="2022-12-29T16:55:56 IST" duration-ms="1" status="PASS">
          <reporter-output>
          </reporter-output>
        </test-method> <!-- teardown -->
      </class> <!-- com.crm.testcases.TC44_ToVerifyReportsAddedToQuickLinksTest -->
    </test> <!-- verify Reports Added to quick links -->
    <test started-at="2022-12-29T16:55:56 IST" name="verify ComposeEmail" finished-at="2022-12-29T16:55:56 IST" duration-ms="546">
      <class name="com.crm.testcases.TC45_VerfyEmailSentToExistingSRTest">
        <test-method signature="verifyEmailSentToExistingSR(java.util.Hashtable)[pri:0, instance:com.crm.testcases.TC45_VerfyEmailSentToExistingSRTest@2b34e38c]" started-at="2022-12-29T16:55:56 IST" name="verifyEmailSentToExistingSR" data-provider="dp" finished-at="2022-12-29T16:55:56 IST" duration-ms="542" status="SKIP">
          <params>
            <param index="0">
              <value>
                <![CDATA[{EmailBCC=rahul.jadhav@crmnext.com, Password=acid_qa, ProductType=Cheque, ClientCode=0000003911, SRNumber=221218042073, PickUpAddress=Andheri, NatureofQuery=Request, Function=CMS LOGISTICS, CIFID=000006267, UserName=ccpho1, EmailTO=kumuad.sagar@crmnext.com, EmailBody=The date is ready to move, CommunicationEmailId=test6674@gmail.com, Product=Collection, TC No=TC45, RunMode=Yes, BriefDescription=test, SubSubFunction=FOR CASH/CHEQUE/CASH DELIVERY/CHEQUE DELIVERY/CDM, PickUpFrequency=On Call, EmailSubject=EXCEL DATA READ, SubFunction=FEASIBILITY CHECKING WITH VENDOR, CorporateName=corporatename8377, EmailCC=ashwin.paikat@crmnext.com}]]>
              </value>
            </param>
          </params>
          <exception class="org.testng.SkipException">
            <message>
              <![CDATA[Skipping the test VERIFYEMAILSENTTOEXISTINGSRas the Run mode is NO]]>
            </message>
            <full-stacktrace>
              <![CDATA[org.testng.SkipException: Skipping the test VERIFYEMAILSENTTOEXISTINGSRas the Run mode is NO
at com.crm.testcases.TC45_VerfyEmailSentToExistingSRTest.verifyEmailSentToExistingSR(TC45_VerfyEmailSentToExistingSRTest.java:36)
at java.base/jdk.internal.reflect.DirectMethodHandleAccessor.invoke(DirectMethodHandleAccessor.java:104)
at java.base/java.lang.reflect.Method.invoke(Method.java:577)
at org.testng.internal.invokers.MethodInvocationHelper.invokeMethod(MethodInvocationHelper.java:135)
at org.testng.internal.invokers.TestInvoker.invokeMethod(TestInvoker.java:673)
at org.testng.internal.invokers.TestInvoker.invokeTestMethod(TestInvoker.java:220)
at org.testng.internal.invokers.MethodRunner.runInSequence(MethodRunner.java:50)
at org.testng.internal.invokers.TestInvoker$MethodInvocationAgent.invoke(TestInvoker.java:945)
at org.testng.internal.invokers.TestInvoker.invokeTestMethods(TestInvoker.java:193)
at org.testng.internal.invokers.TestMethodWorker.invokeTestMethods(TestMethodWorker.java:146)
at org.testng.internal.invokers.TestMethodWorker.run(TestMethodWorker.java:128)
at java.base/java.util.ArrayList.forEach(ArrayList.java:1511)
at org.testng.TestRunner.privateRun(TestRunner.java:808)
at org.testng.TestRunner.run(TestRunner.java:603)
at org.testng.SuiteRunner.runTest(SuiteRunner.java:429)
at org.testng.SuiteRunner.runSequentially(SuiteRunner.java:423)
at org.testng.SuiteRunner.privateRun(SuiteRunner.java:383)
at org.testng.SuiteRunner.run(SuiteRunner.java:326)
at org.testng.SuiteRunnerWorker.runSuite(SuiteRunnerWorker.java:52)
at org.testng.SuiteRunnerWorker.run(SuiteRunnerWorker.java:95)
at org.testng.TestNG.runSuitesSequentially(TestNG.java:1249)
at org.testng.TestNG.runSuitesLocally(TestNG.java:1169)
at org.testng.TestNG.runSuites(TestNG.java:1092)
at org.testng.TestNG.run(TestNG.java:1060)
at org.testng.remote.AbstractRemoteTestNG.run(AbstractRemoteTestNG.java:115)
at org.testng.remote.RemoteTestNG.initAndRun(RemoteTestNG.java:251)
at org.testng.remote.RemoteTestNG.main(RemoteTestNG.java:77)
]]>
            </full-stacktrace>
          </exception> <!-- org.testng.SkipException -->
          <reporter-output>
          </reporter-output>
        </test-method> <!-- verifyEmailSentToExistingSR -->
        <test-method is-config="true" signature="teardown()[pri:0, instance:com.crm.testcases.TC45_VerfyEmailSentToExistingSRTest@2b34e38c]" started-at="2022-12-29T16:55:56 IST" name="teardown" finished-at="2022-12-29T16:55:56 IST" duration-ms="0" status="PASS">
          <reporter-output>
          </reporter-output>
        </test-method> <!-- teardown -->
      </class> <!-- com.crm.testcases.TC45_VerfyEmailSentToExistingSRTest -->
    </test> <!-- verify ComposeEmail -->
    <test started-at="2022-12-29T16:55:56 IST" name="verify Data Presenter EDs" finished-at="2022-12-29T16:55:57 IST" duration-ms="564">
      <class name="com.crm.testcases.TC46_VerifyDataPresenterTest">
        <test-method signature="verifyDataPresenter(java.util.Hashtable)[pri:0, instance:com.crm.testcases.TC46_VerifyDataPresenterTest@468dda3e]" started-at="2022-12-29T16:55:56 IST" name="verifyDataPresenter" data-provider="dp" finished-at="2022-12-29T16:55:57 IST" duration-ms="561" status="SKIP">
          <params>
            <param index="0">
              <value>
                <![CDATA[{SubFunction=FEASIBILITY CHECKING WITH VENDOR, SRNumber=221229042278, Function=CMS LOGISTICS, TC No=TC46, PickupFrequency=On Call, ClientCode=EX1234, SubSubFunction=FOR CASH/CHEQUE/CASH DELIVERY/CHEQUE DELIVERY/CDM, Natureofquery=Request, BriefQueryComplaintDescription=automationtest, UserName=ccpho1, PickUpAddress=Vishnu prasad complex,virar west,pin-401303, Product=Collection, Password=acid_qa, RunMode=Yes, ProductType=Cheque}]]>
              </value>
            </param>
          </params>
          <exception class="org.testng.SkipException">
            <message>
              <![CDATA[Skipping the test TO VERFIY DATA PRESENTERas the Run mode is NO]]>
            </message>
            <full-stacktrace>
              <![CDATA[org.testng.SkipException: Skipping the test TO VERFIY DATA PRESENTERas the Run mode is NO
at com.crm.testcases.TC46_VerifyDataPresenterTest.verifyDataPresenter(TC46_VerifyDataPresenterTest.java:35)
at java.base/jdk.internal.reflect.DirectMethodHandleAccessor.invoke(DirectMethodHandleAccessor.java:104)
at java.base/java.lang.reflect.Method.invoke(Method.java:577)
at org.testng.internal.invokers.MethodInvocationHelper.invokeMethod(MethodInvocationHelper.java:135)
at org.testng.internal.invokers.TestInvoker.invokeMethod(TestInvoker.java:673)
at org.testng.internal.invokers.TestInvoker.invokeTestMethod(TestInvoker.java:220)
at org.testng.internal.invokers.MethodRunner.runInSequence(MethodRunner.java:50)
at org.testng.internal.invokers.TestInvoker$MethodInvocationAgent.invoke(TestInvoker.java:945)
at org.testng.internal.invokers.TestInvoker.invokeTestMethods(TestInvoker.java:193)
at org.testng.internal.invokers.TestMethodWorker.invokeTestMethods(TestMethodWorker.java:146)
at org.testng.internal.invokers.TestMethodWorker.run(TestMethodWorker.java:128)
at java.base/java.util.ArrayList.forEach(ArrayList.java:1511)
at org.testng.TestRunner.privateRun(TestRunner.java:808)
at org.testng.TestRunner.run(TestRunner.java:603)
at org.testng.SuiteRunner.runTest(SuiteRunner.java:429)
at org.testng.SuiteRunner.runSequentially(SuiteRunner.java:423)
at org.testng.SuiteRunner.privateRun(SuiteRunner.java:383)
at org.testng.SuiteRunner.run(SuiteRunner.java:326)
at org.testng.SuiteRunnerWorker.runSuite(SuiteRunnerWorker.java:52)
at org.testng.SuiteRunnerWorker.run(SuiteRunnerWorker.java:95)
at org.testng.TestNG.runSuitesSequentially(TestNG.java:1249)
at org.testng.TestNG.runSuitesLocally(TestNG.java:1169)
at org.testng.TestNG.runSuites(TestNG.java:1092)
at org.testng.TestNG.run(TestNG.java:1060)
at org.testng.remote.AbstractRemoteTestNG.run(AbstractRemoteTestNG.java:115)
at org.testng.remote.RemoteTestNG.initAndRun(RemoteTestNG.java:251)
at org.testng.remote.RemoteTestNG.main(RemoteTestNG.java:77)
]]>
            </full-stacktrace>
          </exception> <!-- org.testng.SkipException -->
          <reporter-output>
          </reporter-output>
        </test-method> <!-- verifyDataPresenter -->
        <test-method is-config="true" signature="teardown()[pri:0, instance:com.crm.testcases.TC46_VerifyDataPresenterTest@468dda3e]" started-at="2022-12-29T16:55:57 IST" name="teardown" finished-at="2022-12-29T16:55:57 IST" duration-ms="0" status="PASS">
          <reporter-output>
          </reporter-output>
        </test-method> <!-- teardown -->
      </class> <!-- com.crm.testcases.TC46_VerifyDataPresenterTest -->
    </test> <!-- verify Data Presenter EDs -->
    <test started-at="2022-12-29T16:55:57 IST" name="verify Summary Page" finished-at="2022-12-29T16:55:57 IST" duration-ms="531">
      <class name="com.crm.testcases.TC47_ToVerifySummaryPageTest">
        <test-method signature="verifySummaryPage(java.util.Hashtable)[pri:0, instance:com.crm.testcases.TC47_ToVerifySummaryPageTest@67f3d192]" started-at="2022-12-29T16:55:57 IST" name="verifySummaryPage" data-provider="dp" finished-at="2022-12-29T16:55:57 IST" duration-ms="529" status="SKIP">
          <params>
            <param index="0">
              <value>
                <![CDATA[{Subject=appointment2371, RunMode=Yes, Password=acid_qa, LeadID=300088760, Role=BRO, UserName=axisadmin, TC No=TC47}]]>
              </value>
            </param>
          </params>
          <exception class="org.testng.SkipException">
            <message>
              <![CDATA[Skipping the test VERIFYSUMMARYPAGEas the Run mode is NO]]>
            </message>
            <full-stacktrace>
              <![CDATA[org.testng.SkipException: Skipping the test VERIFYSUMMARYPAGEas the Run mode is NO
at com.crm.testcases.TC47_ToVerifySummaryPageTest.verifySummaryPage(TC47_ToVerifySummaryPageTest.java:36)
at java.base/jdk.internal.reflect.DirectMethodHandleAccessor.invoke(DirectMethodHandleAccessor.java:104)
at java.base/java.lang.reflect.Method.invoke(Method.java:577)
at org.testng.internal.invokers.MethodInvocationHelper.invokeMethod(MethodInvocationHelper.java:135)
at org.testng.internal.invokers.TestInvoker.invokeMethod(TestInvoker.java:673)
at org.testng.internal.invokers.TestInvoker.invokeTestMethod(TestInvoker.java:220)
at org.testng.internal.invokers.MethodRunner.runInSequence(MethodRunner.java:50)
at org.testng.internal.invokers.TestInvoker$MethodInvocationAgent.invoke(TestInvoker.java:945)
at org.testng.internal.invokers.TestInvoker.invokeTestMethods(TestInvoker.java:193)
at org.testng.internal.invokers.TestMethodWorker.invokeTestMethods(TestMethodWorker.java:146)
at org.testng.internal.invokers.TestMethodWorker.run(TestMethodWorker.java:128)
at java.base/java.util.ArrayList.forEach(ArrayList.java:1511)
at org.testng.TestRunner.privateRun(TestRunner.java:808)
at org.testng.TestRunner.run(TestRunner.java:603)
at org.testng.SuiteRunner.runTest(SuiteRunner.java:429)
at org.testng.SuiteRunner.runSequentially(SuiteRunner.java:423)
at org.testng.SuiteRunner.privateRun(SuiteRunner.java:383)
at org.testng.SuiteRunner.run(SuiteRunner.java:326)
at org.testng.SuiteRunnerWorker.runSuite(SuiteRunnerWorker.java:52)
at org.testng.SuiteRunnerWorker.run(SuiteRunnerWorker.java:95)
at org.testng.TestNG.runSuitesSequentially(TestNG.java:1249)
at org.testng.TestNG.runSuitesLocally(TestNG.java:1169)
at org.testng.TestNG.runSuites(TestNG.java:1092)
at org.testng.TestNG.run(TestNG.java:1060)
at org.testng.remote.AbstractRemoteTestNG.run(AbstractRemoteTestNG.java:115)
at org.testng.remote.RemoteTestNG.initAndRun(RemoteTestNG.java:251)
at org.testng.remote.RemoteTestNG.main(RemoteTestNG.java:77)
]]>
            </full-stacktrace>
          </exception> <!-- org.testng.SkipException -->
          <reporter-output>
          </reporter-output>
        </test-method> <!-- verifySummaryPage -->
        <test-method is-config="true" signature="teardown()[pri:0, instance:com.crm.testcases.TC47_ToVerifySummaryPageTest@67f3d192]" started-at="2022-12-29T16:55:57 IST" name="teardown" finished-at="2022-12-29T16:55:57 IST" duration-ms="0" status="PASS">
          <reporter-output>
          </reporter-output>
        </test-method> <!-- teardown -->
      </class> <!-- com.crm.testcases.TC47_ToVerifySummaryPageTest -->
    </test> <!-- verify Summary Page -->
    <test started-at="2022-12-29T16:55:57 IST" name="verify Reports Filters" finished-at="2022-12-29T16:55:58 IST" duration-ms="532">
      <class name="com.crm.testcases.TC48_ToVerfiyListOfFilterDisplayInReportsTest">
        <test-method signature="verifyListOfFiltersReports(java.util.Hashtable)[pri:0, instance:com.crm.testcases.TC48_ToVerfiyListOfFilterDisplayInReportsTest@6b4283c4]" started-at="2022-12-29T16:55:57 IST" name="verifyListOfFiltersReports" data-provider="dp" finished-at="2022-12-29T16:55:58 IST" duration-ms="529" status="SKIP">
          <params>
            <param index="0">
              <value>
                <![CDATA[{Password=acid_qa, SerialNo=1234567891, Date=30/12/2022, SRNumber=221229042285, SupervisorPassword=axis@123, Function=DP - DIS, UserName=187004, SlipSeries=23, TypeofRequest=Account Transfer, CustomerID=000008864, Source=Branch, ClientID=0000005974, SupervisorUserName=dpdissupervisor, TC No=TC48, RunMode=Yes, SubSubFunction=DIS Execution NSDL, NatureOfQuery=Request, DigitallySignedDocument=Yes, StatusCode=Sent to Maker, LodgementRemarks=test, AssignedToUser=dpdisUnassigned, SubFunction=Settlement}]]>
              </value>
            </param>
          </params>
          <exception class="org.testng.SkipException">
            <message>
              <![CDATA[Skipping the test VERIFYLISTOFFILTERSREPORTSas the Run mode is NO]]>
            </message>
            <full-stacktrace>
              <![CDATA[org.testng.SkipException: Skipping the test VERIFYLISTOFFILTERSREPORTSas the Run mode is NO
at com.crm.testcases.TC48_ToVerfiyListOfFilterDisplayInReportsTest.verifyListOfFiltersReports(TC48_ToVerfiyListOfFilterDisplayInReportsTest.java:37)
at java.base/jdk.internal.reflect.DirectMethodHandleAccessor.invoke(DirectMethodHandleAccessor.java:104)
at java.base/java.lang.reflect.Method.invoke(Method.java:577)
at org.testng.internal.invokers.MethodInvocationHelper.invokeMethod(MethodInvocationHelper.java:135)
at org.testng.internal.invokers.TestInvoker.invokeMethod(TestInvoker.java:673)
at org.testng.internal.invokers.TestInvoker.invokeTestMethod(TestInvoker.java:220)
at org.testng.internal.invokers.MethodRunner.runInSequence(MethodRunner.java:50)
at org.testng.internal.invokers.TestInvoker$MethodInvocationAgent.invoke(TestInvoker.java:945)
at org.testng.internal.invokers.TestInvoker.invokeTestMethods(TestInvoker.java:193)
at org.testng.internal.invokers.TestMethodWorker.invokeTestMethods(TestMethodWorker.java:146)
at org.testng.internal.invokers.TestMethodWorker.run(TestMethodWorker.java:128)
at java.base/java.util.ArrayList.forEach(ArrayList.java:1511)
at org.testng.TestRunner.privateRun(TestRunner.java:808)
at org.testng.TestRunner.run(TestRunner.java:603)
at org.testng.SuiteRunner.runTest(SuiteRunner.java:429)
at org.testng.SuiteRunner.runSequentially(SuiteRunner.java:423)
at org.testng.SuiteRunner.privateRun(SuiteRunner.java:383)
at org.testng.SuiteRunner.run(SuiteRunner.java:326)
at org.testng.SuiteRunnerWorker.runSuite(SuiteRunnerWorker.java:52)
at org.testng.SuiteRunnerWorker.run(SuiteRunnerWorker.java:95)
at org.testng.TestNG.runSuitesSequentially(TestNG.java:1249)
at org.testng.TestNG.runSuitesLocally(TestNG.java:1169)
at org.testng.TestNG.runSuites(TestNG.java:1092)
at org.testng.TestNG.run(TestNG.java:1060)
at org.testng.remote.AbstractRemoteTestNG.run(AbstractRemoteTestNG.java:115)
at org.testng.remote.RemoteTestNG.initAndRun(RemoteTestNG.java:251)
at org.testng.remote.RemoteTestNG.main(RemoteTestNG.java:77)
]]>
            </full-stacktrace>
          </exception> <!-- org.testng.SkipException -->
          <reporter-output>
          </reporter-output>
        </test-method> <!-- verifyListOfFiltersReports -->
        <test-method is-config="true" signature="teardown()[pri:0, instance:com.crm.testcases.TC48_ToVerfiyListOfFilterDisplayInReportsTest@6b4283c4]" started-at="2022-12-29T16:55:58 IST" name="teardown" finished-at="2022-12-29T16:55:58 IST" duration-ms="0" status="PASS">
          <reporter-output>
          </reporter-output>
        </test-method> <!-- teardown -->
      </class> <!-- com.crm.testcases.TC48_ToVerfiyListOfFilterDisplayInReportsTest -->
    </test> <!-- verify Reports Filters -->
  </suite> <!-- Axis Sanity Framework -->
</testng-results>
